2026-04-21 09:23:02.829: [INFO] VisibilityChanged: 0
2026-04-21 09:23:02.873: [INFO] RecordSyncInitDuration has_sync_been_enabled: 0 state: 0
2026-04-21 09:23:02.874: [INFO] RecordSyncInitDuration has_sync_been_enabled: 0 state: 0
2026-04-21 09:23:02.877: [INFO] RecordSyncInitDuration has_sync_been_enabled: 0 state: 0
2026-04-21 09:23:02.879: [INFO] RecordSyncInitDuration has_sync_been_enabled: 0 state: 0
2026-04-21 09:23:02.881: [INFO] RecordSyncInitDuration has_sync_been_enabled: 0 state: 0
2026-04-21 09:23:02.882: [INFO] RecordSyncInitDuration has_sync_been_enabled: 0 state: 0
2026-04-21 09:23:02.884: [INFO] RecordSyncInitDuration has_sync_been_enabled: 0 state: 0
2026-04-21 09:23:02.886: [INFO] RecordSyncInitDuration has_sync_been_enabled: 0 state: 0
2026-04-21 09:23:02.887: [INFO] RecordSyncInitDuration has_sync_been_enabled: 0 state: 0
2026-04-21 09:23:02.888: [INFO] RecordSyncInitDuration has_sync_been_enabled: 0 state: 0
2026-04-21 09:23:02.890: [INFO] RecordSyncInitDuration has_sync_been_enabled: 0 state: 0
2026-04-21 09:23:02.891: [INFO] RecordSyncInitDuration has_sync_been_enabled: 0 state: 0
2026-04-21 09:23:02.909: [INFO] BookmarkModelLoaded, ids_reassigned: 0
2026-04-21 09:23:02.909: [INFO] OnDoneLoading sync enabled: 0
2026-04-21 09:23:02.997: [INFO] RecordSyncInitDuration has_sync_been_enabled: 0 state: 0
2026-04-21 09:23:07.414: [INFO] RecordSyncInitDuration has_sync_been_enabled: 0 state: 0
2026-04-21 09:23:07.418: [INFO] RecordSyncInitDuration has_sync_been_enabled: 0 state: 3
2026-04-21 09:23:07.421: [INFO] Primary account changed.
2026-04-21 09:23:07.421: [INFO] OnPrimaryAccountChanged PrimaryAccountChangeEvent::Type::kSet
2026-04-21 09:23:07.427: [INFO] RecordSyncInitDuration has_sync_been_enabled: 0 state: 3
2026-04-21 09:23:13.575: [INFO] BookmarkNodeAdded, ABU: 0
2026-04-21 09:23:13.576: [INFO] BookmarkNodeAdded, ABU: 0
2026-04-21 09:23:13.577: [INFO] BookmarkNodeAdded, ABU: 0
2026-04-21 09:23:13.579: [INFO] BookmarkNodeAdded, ABU: 0
2026-04-21 09:23:13.580: [INFO] BookmarkNodeAdded, ABU: 0
2026-04-21 09:23:13.581: [INFO] BookmarkNodeAdded, ABU: 0
2026-04-21 09:23:13.583: [INFO] BookmarkNodeAdded, ABU: 0
2026-04-21 09:23:13.584: [INFO] BookmarkNodeAdded, ABU: 0
2026-04-21 09:23:13.585: [INFO] BookmarkNodeAdded, ABU: 0
2026-04-21 09:23:13.586: [INFO] BookmarkNodeAdded, ABU: 0
2026-04-21 09:23:13.588: [INFO] BookmarkNodeAdded, ABU: 0
2026-04-21 09:23:13.589: [INFO] BookmarkNodeAdded, ABU: 0
2026-04-21 09:23:13.590: [INFO] BookmarkNodeAdded, ABU: 0
2026-04-21 09:23:13.592: [INFO] BookmarkNodeAdded, ABU: 0
2026-04-21 09:23:13.593: [INFO] BookmarkNodeAdded, ABU: 0
2026-04-21 09:23:13.594: [INFO] BookmarkNodeAdded, ABU: 0
2026-04-21 09:23:13.595: [INFO] BookmarkNodeAdded, ABU: 0
2026-04-21 09:23:14.181: [INFO] Sync initialization duration: 6550ms
2026-04-21 09:53:02.180: [INFO] VisibilityChanged: 0
2026-04-21 09:53:02.293: [INFO] BookmarkModelLoaded, ids_reassigned: 0
2026-04-21 09:53:02.293: [INFO] OnDoneLoading sync enabled: 1
2026-04-21 09:53:09.134: [INFO] Sync initialization duration: 6836ms
2026-04-21 14:44:40.082: [INFO] VisibilityChanged: 0
2026-04-21 14:44:40.144: [INFO] BookmarkModelLoaded, ids_reassigned: 0
2026-04-21 14:44:40.144: [INFO] OnDoneLoading sync enabled: 0
2026-04-21 14:44:44.701: [INFO] Primary account changed.
2026-04-21 14:44:44.701: [INFO] OnPrimaryAccountChanged PrimaryAccountChangeEvent::Type::kSet
2026-04-21 14:44:49.391: [INFO] Sync initialization duration: 9157ms
2026-04-22 05:18:10.641: [INFO] VisibilityChanged: 0
2026-04-22 05:18:10.752: [INFO] BookmarkModelLoaded, ids_reassigned: 0
2026-04-22 05:18:10.752: [INFO] OnDoneLoading sync enabled: 0
2026-04-22 05:40:26.900: [INFO] VisibilityChanged: 0
2026-04-22 05:40:26.950: [INFO] BookmarkModelLoaded, ids_reassigned: 0
2026-04-22 05:40:26.950: [INFO] OnDoneLoading sync enabled: 0
2026-04-22 05:57:19.091: [INFO] Primary account changed.
2026-04-22 05:57:19.091: [INFO] OnPrimaryAccountChanged PrimaryAccountChangeEvent::Type::kSet
2026-04-22 05:57:24.601: [INFO] Sync initialization duration: 1017649ms
2026-04-22 05:59:14.680: [INFO] VisibilityChanged: 0
2026-04-22 05:59:14.767: [INFO] BookmarkModelLoaded, ids_reassigned: 0
2026-04-22 05:59:14.767: [INFO] OnDoneLoading sync enabled: 1
2026-04-22 05:59:17.823: [INFO] Sync initialization duration: 3052ms
2026-04-22 06:05:05.771: [INFO] VisibilityChanged: 0
2026-04-22 06:05:05.829: [INFO] BookmarkModelLoaded, ids_reassigned: 0
2026-04-22 06:05:05.829: [INFO] OnDoneLoading sync enabled: 0
2026-04-22 06:05:09.168: [INFO] Primary account changed.
2026-04-22 06:05:09.168: [INFO] OnPrimaryAccountChanged PrimaryAccountChangeEvent::Type::kSet
2026-04-22 06:05:12.978: [INFO] Sync initialization duration: 7124ms
