{"logTime": "0421/092312", "correlationVector":"138IvMpoYaspNry3VS9AKh.1","action":"SyncServerConnectionManagerRequest", "result":"SYNC_SERVER_OK", "context":{"environment":"Prod_southeastasia_prod-s01-065-apac-southeastasia", "migrationStage":"NotStarted", "server":"akswtt000000000"}}
{"logTime": "0421/092312", "correlationVector":"138IvMpoYaspNry3VS9AKh.2","action":"ProcessGetUpdates", "result":"Done", "context":{"dataType":"Encryption Keys", "deleted":"0", "process_failed_to_decrypt":"0", "process_pending_decryption":"0", "process_success":"1", "total":"1"}}
{"logTime": "0421/092312", "correlationVector":"e7lFc96+zl6JILVMjIDL9p","action":"SyncServerConnectionManagerRequest", "result":"SYNC_SERVER_OK", "context":{"environment":"", "migrationStage":"", "server":""}}
{"logTime": "0421/092312", "correlationVector":"e7lFc96+zl6JILVMjIDL9p.0","action":"EncryptionKeysFetcher.DownloadKeys:", "result":"Success", "context":Key count: 6, Last key timestamp: 2026-01-06T07:52:14Z}
{"logTime": "0421/092312", "correlationVector":"e7lFc96+zl6JILVMjIDL9p.1","action":"EncryptionKeysManager::SetEncryptionKeys:", "result":"Success", "context":Key names[6]:[+0IPNRwtNHsUaGSAch9gxJ7QZYidcjwbhS6273ubav8yR+ghgqbpEjqIGHy+jaNo7fH2ERbgOaOTt3SpZHR/WQ==][hmgSDHCxB78SjnN874uSHO9HvLgbuRl1eFQNAFgSaiB1rtjV0UJGzmyHxDK943XhEpWU7OS2yubkUfco/tA3ng==][E3pAI3qrgbnit+GvoRTqk4Q27zvN1q5c540wici7y2uX7HGjNU57Q1j/Hpn6/U8k8ZAxsAwkAcP84yLSDXylRg==][+b58XQxLuEVn45LaQ1f2PuHf2jdYzgeRkAXmskqL7LVNmCpT8BqQkJVqvBhxtibCR4qK+KopapXhrZpsGzk98Q==][/+rrKT77BNMOaMr2e8pC+a/gx8+Obb3lUTQC45OK0ENfOqDSAQvva8Xh7yQRG98gakRGl69SBUGonRVxk/xV9Q==][jylL3P2DQK3bwvTy8GoDN45KBAdatQGCgBDVR8YdH2wpC16ms+xCcu1TykptsWcPoZVDBAYSsDLmUx9UdCqIYg==]}
{"logTime": "0421/092312", "correlationVector":"e7lFc96+zl6JILVMjIDL9p.2","action":"EncryptionKeysManager::SetEncryptionKeysWithTimestamps:", "result":"Success", "context":Key timestamps[6]:[2023-08-11T18:25:37Z][2023-12-02T14:37:19Z][2024-03-17T06:09:58Z][2024-10-18T17:32:03Z][2025-06-30T05:50:19Z][2026-01-06T07:52:14Z]}
{"logTime": "0421/092312", "correlationVector":"138IvMpoYaspNry3VS9AKh","action":"Initial GetUpdates", "result":"", "context":Reason: NEW_CLIENT. cV=138IvMpoYaspNry3VS9AKh}
{"logTime": "0421/092312", "correlationVector":"138IvMpoYaspNry3VS9AKh.3","action":"GetUpdates Response", "result":"Success", "context":Received 1 update(s). cV=138IvMpoYaspNry3VS9AKh.0;server=akswtt000000000;cloudType=Consumer;environment=Prod_southeastasia_prod-s01-065-apac-southeastasia;migrationStage=NotStarted}
{"logTime": "0421/092312", "correlationVector":"/EVGw6Jfb07tlTOpTn4UfE","action":"Initial GetUpdates", "result":"", "context":Reason: NEWLY_SUPPORTED_DATATYPE. cV=/EVGw6Jfb07tlTOpTn4UfE}
{"logTime": "0421/092313", "correlationVector":"/EVGw6Jfb07tlTOpTn4UfE.1","action":"SyncServerConnectionManagerRequest", "result":"SYNC_SERVER_OK", "context":{"environment":"Prod_southeastasia_prod-s01-065-apac-southeastasia", "migrationStage":"NotStarted", "server":"akswtt000000004"}}
{"logTime": "0421/092313", "correlationVector":"/EVGw6Jfb07tlTOpTn4UfE.2","action":"ProcessGetUpdates", "result":"Done", "context":{"dataType":"Preferences", "deleted":"0", "process_failed_to_decrypt":"0", "process_pending_decryption":"0", "process_success":"62", "total":"62"}}
{"logTime": "0421/092313", "correlationVector":"/EVGw6Jfb07tlTOpTn4UfE.3","action":"ProcessGetUpdates", "result":"Done", "context":{"dataType":"Passwords", "deleted":"0", "process_failed_to_decrypt":"0", "process_pending_decryption":"0", "process_success":"85", "total":"85"}}
{"logTime": "0421/092313", "correlationVector":"/EVGw6Jfb07tlTOpTn4UfE.4","action":"ProcessGetUpdates", "result":"Done", "context":{"dataType":"Device Info", "deleted":"0", "process_failed_to_decrypt":"0", "process_pending_decryption":"0", "process_success":"16", "total":"16"}}
{"logTime": "0421/092313", "correlationVector":"/EVGw6Jfb07tlTOpTn4UfE.5","action":"GetUpdates Response", "result":"Success", "context":Received 163 update(s). cV=/EVGw6Jfb07tlTOpTn4UfE.0;server=akswtt000000004;cloudType=Consumer;environment=Prod_southeastasia_prod-s01-065-apac-southeastasia;migrationStage=NotStarted}
{"logTime": "0421/092313", "correlationVector":"BQeuaRpTiaDh0MhXBerFpA","action":"Initial GetUpdates", "result":"", "context":Reason: NEWLY_SUPPORTED_DATATYPE. cV=BQeuaRpTiaDh0MhXBerFpA}
{"logTime": "0421/092313", "correlationVector":"BQeuaRpTiaDh0MhXBerFpA.1","action":"SyncServerConnectionManagerRequest", "result":"SYNC_SERVER_OK", "context":{"environment":"Prod_southeastasia_prod-s01-065-apac-southeastasia", "migrationStage":"NotStarted", "server":"akswtt000000000"}}
{"logTime": "0421/092313", "correlationVector":"BQeuaRpTiaDh0MhXBerFpA.2","action":"ProcessGetUpdates", "result":"Done", "context":{"dataType":"Bookmarks", "deleted":"0", "process_failed_to_decrypt":"0", "process_pending_decryption":"0", "process_success":"23", "total":"23"}}
{"logTime": "0421/092313", "correlationVector":"BQeuaRpTiaDh0MhXBerFpA.3","action":"GetUpdates Response", "result":"Success", "context":Received 23 update(s). cV=BQeuaRpTiaDh0MhXBerFpA.0;server=akswtt000000000;cloudType=Consumer;environment=Prod_southeastasia_prod-s01-065-apac-southeastasia;migrationStage=NotStarted}
{"logTime": "0421/092313", "correlationVector":"z6vDtQeD09LwsO0M9Y+ez7","action":"Initial GetUpdates", "result":"", "context":Reason: NEWLY_SUPPORTED_DATATYPE. cV=z6vDtQeD09LwsO0M9Y+ez7}
{"logTime": "0421/092314", "correlationVector":"z6vDtQeD09LwsO0M9Y+ez7.1","action":"SyncServerConnectionManagerRequest", "result":"SYNC_SERVER_OK", "context":{"environment":"Prod_southeastasia_prod-s01-065-apac-southeastasia", "migrationStage":"NotStarted", "server":"akswtt000000007"}}
{"logTime": "0421/092314", "correlationVector":"z6vDtQeD09LwsO0M9Y+ez7.2","action":"ProcessGetUpdates", "result":"Done", "context":{"dataType":"Autofill Profiles", "deleted":"0", "process_failed_to_decrypt":"0", "process_pending_decryption":"0", "process_success":"2", "total":"2"}}
{"logTime": "0421/092314", "correlationVector":"z6vDtQeD09LwsO0M9Y+ez7.3","action":"ProcessGetUpdates", "result":"Done", "context":{"dataType":"Autofill", "deleted":"0", "process_failed_to_decrypt":"0", "process_pending_decryption":"0", "process_success":"206", "total":"206"}}
{"logTime": "0421/092314", "correlationVector":"z6vDtQeD09LwsO0M9Y+ez7.4","action":"ProcessGetUpdates", "result":"Done", "context":{"dataType":"Extensions", "deleted":"0", "process_failed_to_decrypt":"0", "process_pending_decryption":"0", "process_success":"2", "total":"2"}}
{"logTime": "0421/092314", "correlationVector":"z6vDtQeD09LwsO0M9Y+ez7.5","action":"ProcessGetUpdates", "result":"Done", "context":{"dataType":"Sessions", "deleted":"20", "process_failed_to_decrypt":"0", "process_pending_decryption":"0", "process_success":"24", "total":"24"}}
{"logTime": "0421/092314", "correlationVector":"z6vDtQeD09LwsO0M9Y+ez7.6","action":"ProcessGetUpdates", "result":"Done", "context":{"dataType":"Edge Hub App Usage", "deleted":"0", "process_failed_to_decrypt":"0", "process_pending_decryption":"0", "process_success":"1", "total":"1"}}
{"logTime": "0421/092314", "correlationVector":"z6vDtQeD09LwsO0M9Y+ez7.7","action":"GetUpdates Response", "result":"Success", "context":Received 235 update(s). cV=z6vDtQeD09LwsO0M9Y+ez7.0;server=akswtt000000007;cloudType=Consumer;environment=Prod_southeastasia_prod-s01-065-apac-southeastasia;migrationStage=NotStarted}
{"logTime": "0421/092314", "correlationVector":"r/Nsa1dN/nLvkfpS3tmyLc","action":"Initial GetUpdates", "result":"", "context":Reason: NEWLY_SUPPORTED_DATATYPE. cV=r/Nsa1dN/nLvkfpS3tmyLc}
{"logTime": "0421/092314", "correlationVector":"r/Nsa1dN/nLvkfpS3tmyLc.1","action":"SyncServerConnectionManagerRequest", "result":"SYNC_SERVER_OK", "context":{"environment":"Prod_southeastasia_prod-s01-065-apac-southeastasia", "migrationStage":"NotStarted", "server":"akswtt00000000j"}}
{"logTime": "0421/092314", "correlationVector":"r/Nsa1dN/nLvkfpS3tmyLc.2","action":"ProcessGetUpdates", "result":"Done", "context":{"dataType":"History", "deleted":"0", "process_failed_to_decrypt":"0", "process_pending_decryption":"0", "process_success":"2", "total":"2"}}
{"logTime": "0421/092314", "correlationVector":"r/Nsa1dN/nLvkfpS3tmyLc.3","action":"GetUpdates Response", "result":"Success", "context":Received 2 update(s). cV=r/Nsa1dN/nLvkfpS3tmyLc.0;server=akswtt00000000j;cloudType=Consumer;environment=Prod_southeastasia_prod-s01-065-apac-southeastasia;migrationStage=NotStarted}
{"logTime": "0421/092314", "correlationVector":"Skyfu44Y58R6SeqksdxMa3","action":"Normal GetUpdate request", "result":"", "context":cV=Skyfu44Y58R6SeqksdxMa3
Nudged types: Sessions, Device Info, User Consents
Refresh requested types: Bookmarks, Preferences, Passwords, Autofill Profiles, Autofill, Extensions, Sessions, Extension settings, History Delete Directives, Device Info, User Consents, Send Tab To Self, Web Apps, History, Saved Tab Group, WebAuthn Credentials, Collection, Edge E Drop, Edge Hub App Usage, Edge Wallet, Edge Workspace, Encryption Keys}
{"logTime": "0421/092314", "correlationVector":"Skyfu44Y58R6SeqksdxMa3.1","action":"SyncServerConnectionManagerRequest", "result":"SYNC_SERVER_OK", "context":{"environment":"Prod_southeastasia_prod-s01-065-apac-southeastasia", "migrationStage":"NotStarted", "server":"akswtt000000008"}}
{"logTime": "0421/092314", "correlationVector":"Skyfu44Y58R6SeqksdxMa3.2","action":"GetUpdates Response", "result":"Success", "context":Received 0 update(s). cV=Skyfu44Y58R6SeqksdxMa3.0;server=akswtt000000008;cloudType=Consumer;environment=Prod_southeastasia_prod-s01-065-apac-southeastasia;migrationStage=NotStarted}
{"logTime": "0421/092314", "correlationVector":"vFRxGAnYjlNphqkaHJVPJw","action":"DoCompareDataConsistency requsted types: ", "result":"Bookmarks, Preferences, Passwords, Extensions, Extension settings, History Delete Directives, Send Tab To Self, Web Apps, History, Saved Tab Group, WebAuthn Credentials, Collection, Edge E Drop, Edge Wallet, Edge Workspace, Encryption Keys"}
{"logTime": "0421/092314", "correlationVector":"vFRxGAnYjlNphqkaHJVPJw.0","action":"CompareDataConsistency result: ", "result":"Compare result: Encryption Keys is consistent. local entities count is: 1 local entities hash is: pacgmypeZmsVETF6GrNvbi5pMGY="}
{"logTime": "0421/092314", "correlationVector":"vFRxGAnYjlNphqkaHJVPJw.1","action":"CompareDataConsistency result: ", "result":"Compare result: Bookmarks is consistent. local entities count is: 17 local entities hash is: dmztvRJy7Y0foVPZAgk7YW/kMYw="}
{"logTime": "0421/092314", "correlationVector":"vFRxGAnYjlNphqkaHJVPJw.2","action":"CompareDataConsistency result: ", "result":"Compare result: Preferences is consistent. local entities count is: 62 local entities hash is: e9JwIXF2M4UMsjVRMNd2hK6NjuA="}
{"logTime": "0421/092314", "correlationVector":"vFRxGAnYjlNphqkaHJVPJw.3","action":"CompareDataConsistency result: ", "result":"Compare result: Extensions is consistent. local entities count is: 2 local entities hash is: F9vY0kPxPMstjcB42k7aUj+Rjzs="}
{"logTime": "0421/092314", "correlationVector":"vFRxGAnYjlNphqkaHJVPJw.4","action":"CompareDataConsistency result: ", "result":"Compare result: Extension settings is consistent. local entities count is: 0 local entities hash is: "}
{"logTime": "0421/092314", "correlationVector":"vFRxGAnYjlNphqkaHJVPJw.5","action":"CompareDataConsistency result: ", "result":"Compare result: History Delete Directives is consistent. local entities count is: 0 local entities hash is: "}
{"logTime": "0421/092314", "correlationVector":"vFRxGAnYjlNphqkaHJVPJw.6","action":"CompareDataConsistency result: ", "result":"Server did not send this Send Tab To Self local entities count is: 0 local entities hash is: "}
{"logTime": "0421/092314", "correlationVector":"vFRxGAnYjlNphqkaHJVPJw.7","action":"CompareDataConsistency result: ", "result":"Compare result: Web Apps is consistent. local entities count is: 0 local entities hash is: "}
{"logTime": "0421/092314", "correlationVector":"vFRxGAnYjlNphqkaHJVPJw.8","action":"CompareDataConsistency result: ", "result":"Server did not send this History local entities count is: 0 local entities hash is: "}
{"logTime": "0421/092314", "correlationVector":"vFRxGAnYjlNphqkaHJVPJw.9","action":"CompareDataConsistency result: ", "result":"Compare result: Saved Tab Group is consistent. local entities count is: 0 local entities hash is: "}
{"logTime": "0421/092314", "correlationVector":"vFRxGAnYjlNphqkaHJVPJw.10","action":"CompareDataConsistency result: ", "result":"Server did not send this WebAuthn Credentials local entities count is: 0 local entities hash is: "}
{"logTime": "0421/092314", "correlationVector":"vFRxGAnYjlNphqkaHJVPJw.11","action":"CompareDataConsistency result: ", "result":"Compare result: Collection is consistent. local entities count is: 0 local entities hash is: "}
{"logTime": "0421/092314", "correlationVector":"vFRxGAnYjlNphqkaHJVPJw.12","action":"CompareDataConsistency result: ", "result":"Compare result: Edge E Drop is consistent. local entities count is: 0 local entities hash is: "}
{"logTime": "0421/092314", "correlationVector":"vFRxGAnYjlNphqkaHJVPJw.13","action":"CompareDataConsistency result: ", "result":"Compare result: Edge Wallet is consistent. local entities count is: 0 local entities hash is: "}
{"logTime": "0421/092314", "correlationVector":"vFRxGAnYjlNphqkaHJVPJw.14","action":"CompareDataConsistency result: ", "result":"Server did not send this Edge Workspace local entities count is: 0 local entities hash is: "}
{"logTime": "0421/092314", "correlationVector":"vFRxGAnYjlNphqkaHJVPJw.15","action":"CompareDataConsistency result: ", "result":"Compare result: Passwords is consistent. local entities count is: 85 local entities hash is: 89O6lRjo4dDxI4hxzm4GC6Y/5LI="}
{"logTime": "0421/092314", "correlationVector":"c9RAW9snMc/+vvcQDwjzki","action":"Commit Request", "result":"", "context":Item count: 4
Contributing types: Sessions, Device Info, User Consents}
{"logTime": "0421/092315", "correlationVector":"c9RAW9snMc/+vvcQDwjzki.1","action":"SyncServerConnectionManagerRequest", "result":"SYNC_SERVER_OK", "context":{"environment":"Prod_southeastasia_prod-s01-065-apac-southeastasia", "migrationStage":"NotStarted", "server":"akswtt00000000l"}}
{"logTime": "0421/092315", "correlationVector":"c9RAW9snMc/+vvcQDwjzki.2","action":"Commit Response", "result":"Success", "context":Result: Success. cV=c9RAW9snMc/+vvcQDwjzki.0;server=akswtt00000000l;cloudType=Consumer;environment=Prod_southeastasia_prod-s01-065-apac-southeastasia;migrationStage=NotStarted}
{"logTime": "0421/092315", "correlationVector":"","action":"DIAGNOSTIC_REQUEST|v1/diagnosticData/Diagnostic.SendCheckResult()|SUCCESS", "result":""}
{"logTime": "0421/092334", "correlationVector":"xDPqLHyBDPAdbGDreY2EHJ","action":"Commit Request", "result":"", "context":Item count: 3
Contributing types: Preferences, Sessions, History}
{"logTime": "0421/092334", "correlationVector":"xDPqLHyBDPAdbGDreY2EHJ.1","action":"SyncServerConnectionManagerRequest", "result":"SYNC_SERVER_OK", "context":{"environment":"Prod_southeastasia_prod-s01-065-apac-southeastasia", "migrationStage":"NotStarted", "server":"akswtt00000000o"}}
{"logTime": "0421/092334", "correlationVector":"xDPqLHyBDPAdbGDreY2EHJ.2","action":"Commit Response", "result":"Success", "context":Result: Success. cV=xDPqLHyBDPAdbGDreY2EHJ.0;server=akswtt00000000o;cloudType=Consumer;environment=Prod_southeastasia_prod-s01-065-apac-southeastasia;migrationStage=NotStarted}
{"logTime": "0421/092637", "correlationVector":"AbERiavU3W1hLy8TaEP473","action":"Commit Request", "result":"", "context":Item count: 4
Contributing types: Sessions, History}
{"logTime": "0421/092638", "correlationVector":"AbERiavU3W1hLy8TaEP473.1","action":"SyncServerConnectionManagerRequest", "result":"SYNC_SERVER_OK", "context":{"environment":"Prod_southeastasia_prod-s01-065-apac-southeastasia", "migrationStage":"NotStarted", "server":"akswtt00000000j"}}
{"logTime": "0421/092638", "correlationVector":"AbERiavU3W1hLy8TaEP473.2","action":"Commit Response", "result":"Success", "context":Result: Success. cV=AbERiavU3W1hLy8TaEP473.0;server=akswtt00000000j;cloudType=Consumer;environment=Prod_southeastasia_prod-s01-065-apac-southeastasia;migrationStage=NotStarted}
{"logTime": "0421/095307", "correlationVector":"MVfvEKgc2pHC+wBMNNx9lP.1","action":"SyncServerConnectionManagerRequest", "result":"SYNC_SERVER_OK", "context":{"environment":"Prod_southeastasia_prod-s01-065-apac-southeastasia", "migrationStage":"NotStarted", "server":"akswtt00000000e"}}
{"logTime": "0421/095307", "correlationVector":"MVfvEKgc2pHC+wBMNNx9lP.2","action":"ProcessGetUpdates", "result":"Done", "context":{"dataType":"Encryption Keys", "deleted":"0", "process_failed_to_decrypt":"0", "process_pending_decryption":"0", "process_success":"1", "total":"1"}}
{"logTime": "0421/095308", "correlationVector":"wBOr+GACOKBXoVh1Yu3nAi","action":"SyncServerConnectionManagerRequest", "result":"SYNC_SERVER_OK", "context":{"environment":"", "migrationStage":"", "server":""}}
{"logTime": "0421/095308", "correlationVector":"wBOr+GACOKBXoVh1Yu3nAi.0","action":"EncryptionKeysFetcher.DownloadKeys:", "result":"Success", "context":Key count: 6, Last key timestamp: 2026-01-06T07:52:14Z}
{"logTime": "0421/095308", "correlationVector":"wBOr+GACOKBXoVh1Yu3nAi.1","action":"EncryptionKeysManager::SetEncryptionKeys:", "result":"Success", "context":Key names[6]:[+0IPNRwtNHsUaGSAch9gxJ7QZYidcjwbhS6273ubav8yR+ghgqbpEjqIGHy+jaNo7fH2ERbgOaOTt3SpZHR/WQ==][hmgSDHCxB78SjnN874uSHO9HvLgbuRl1eFQNAFgSaiB1rtjV0UJGzmyHxDK943XhEpWU7OS2yubkUfco/tA3ng==][E3pAI3qrgbnit+GvoRTqk4Q27zvN1q5c540wici7y2uX7HGjNU57Q1j/Hpn6/U8k8ZAxsAwkAcP84yLSDXylRg==][+b58XQxLuEVn45LaQ1f2PuHf2jdYzgeRkAXmskqL7LVNmCpT8BqQkJVqvBhxtibCR4qK+KopapXhrZpsGzk98Q==][/+rrKT77BNMOaMr2e8pC+a/gx8+Obb3lUTQC45OK0ENfOqDSAQvva8Xh7yQRG98gakRGl69SBUGonRVxk/xV9Q==][jylL3P2DQK3bwvTy8GoDN45KBAdatQGCgBDVR8YdH2wpC16ms+xCcu1TykptsWcPoZVDBAYSsDLmUx9UdCqIYg==]}
{"logTime": "0421/095308", "correlationVector":"wBOr+GACOKBXoVh1Yu3nAi.2","action":"EncryptionKeysManager::SetEncryptionKeysWithTimestamps:", "result":"Success", "context":Key timestamps[6]:[2023-08-11T18:25:37Z][2023-12-02T14:37:19Z][2024-03-17T06:09:58Z][2024-10-18T17:32:03Z][2025-06-30T05:50:19Z][2026-01-06T07:52:14Z]}
{"logTime": "0421/095308", "correlationVector":"MVfvEKgc2pHC+wBMNNx9lP","action":"Initial GetUpdates", "result":"", "context":Reason: NEW_CLIENT. cV=MVfvEKgc2pHC+wBMNNx9lP}
{"logTime": "0421/095308", "correlationVector":"MVfvEKgc2pHC+wBMNNx9lP.3","action":"GetUpdates Response", "result":"Success", "context":Received 1 update(s). cV=MVfvEKgc2pHC+wBMNNx9lP.0;server=akswtt00000000e;cloudType=Consumer;environment=Prod_southeastasia_prod-s01-065-apac-southeastasia;migrationStage=NotStarted}
{"logTime": "0421/095308", "correlationVector":"gsAY3jaUy041YDKQzIEMQv","action":"Initial GetUpdates", "result":"", "context":Reason: NEWLY_SUPPORTED_DATATYPE. cV=gsAY3jaUy041YDKQzIEMQv}
{"logTime": "0421/095309", "correlationVector":"gsAY3jaUy041YDKQzIEMQv.1","action":"SyncServerConnectionManagerRequest", "result":"SYNC_SERVER_OK", "context":{"environment":"Prod_southeastasia_prod-s01-065-apac-southeastasia", "migrationStage":"NotStarted", "server":"akswtt000000005"}}
{"logTime": "0421/095309", "correlationVector":"gsAY3jaUy041YDKQzIEMQv.2","action":"ProcessGetUpdates", "result":"Done", "context":{"dataType":"Passwords", "deleted":"0", "process_failed_to_decrypt":"0", "process_pending_decryption":"0", "process_success":"85", "total":"85"}}
{"logTime": "0421/095309", "correlationVector":"gsAY3jaUy041YDKQzIEMQv.3","action":"GetUpdates Response", "result":"Success", "context":Received 85 update(s). cV=gsAY3jaUy041YDKQzIEMQv.0;server=akswtt000000005;cloudType=Consumer;environment=Prod_southeastasia_prod-s01-065-apac-southeastasia;migrationStage=NotStarted}
{"logTime": "0421/095309", "correlationVector":"qvJytd9NQCzCNqAU/WD3IU","action":"Normal GetUpdate request", "result":"", "context":cV=qvJytd9NQCzCNqAU/WD3IU
Nudged types: Sessions, Device Info, History
Refresh requested types: Bookmarks, Preferences, Passwords, Autofill Profiles, Autofill, Extensions, Sessions, Extension settings, History Delete Directives, Device Info, User Consents, Send Tab To Self, Web Apps, History, Saved Tab Group, WebAuthn Credentials, Collection, Edge E Drop, Edge Hub App Usage, Edge Wallet, Edge Workspace, Encryption Keys}
{"logTime": "0421/095309", "correlationVector":"qvJytd9NQCzCNqAU/WD3IU.1","action":"SyncServerConnectionManagerRequest", "result":"SYNC_SERVER_OK", "context":{"environment":"Prod_southeastasia_prod-s01-064-apac-southeastasia", "migrationStage":"NotStarted", "server":"akswtt000000001"}}
{"logTime": "0421/095309", "correlationVector":"qvJytd9NQCzCNqAU/WD3IU.2","action":"ProcessGetUpdates", "result":"Done", "context":{"dataType":"Preferences", "deleted":"0", "process_failed_to_decrypt":"0", "process_pending_decryption":"0", "process_success":"1", "total":"1"}}
{"logTime": "0421/095309", "correlationVector":"qvJytd9NQCzCNqAU/WD3IU.3","action":"ProcessGetUpdates", "result":"Done", "context":{"dataType":"Sessions", "deleted":"0", "process_failed_to_decrypt":"0", "process_pending_decryption":"0", "process_success":"2", "total":"2"}}
{"logTime": "0421/095309", "correlationVector":"qvJytd9NQCzCNqAU/WD3IU.4","action":"ProcessGetUpdates", "result":"Done", "context":{"dataType":"Device Info", "deleted":"0", "process_failed_to_decrypt":"0", "process_pending_decryption":"0", "process_success":"1", "total":"1"}}
{"logTime": "0421/095309", "correlationVector":"qvJytd9NQCzCNqAU/WD3IU.5","action":"ProcessGetUpdates", "result":"Done", "context":{"dataType":"History", "deleted":"0", "process_failed_to_decrypt":"0", "process_pending_decryption":"0", "process_success":"3", "total":"3"}}
{"logTime": "0421/095309", "correlationVector":"qvJytd9NQCzCNqAU/WD3IU.6","action":"GetUpdates Response", "result":"Success", "context":Received 7 update(s). cV=qvJytd9NQCzCNqAU/WD3IU.0;server=akswtt000000001;cloudType=Consumer;environment=Prod_southeastasia_prod-s01-064-apac-southeastasia;migrationStage=NotStarted}
{"logTime": "0421/095309", "correlationVector":"TvDuCkQ39wIIMu7jG7z8UY","action":"Commit Request", "result":"", "context":Item count: 6
Contributing types: Sessions, Device Info, History}
{"logTime": "0421/095310", "correlationVector":"TvDuCkQ39wIIMu7jG7z8UY.1","action":"SyncServerConnectionManagerRequest", "result":"SYNC_SERVER_OK", "context":{"environment":"Prod_southeastasia_prod-s01-064-apac-southeastasia", "migrationStage":"NotStarted", "server":"akswtt000000009"}}
{"logTime": "0421/095310", "correlationVector":"TvDuCkQ39wIIMu7jG7z8UY.3","action":"Commit.Sessions", "result":"Success", "context":{"id":"8da1d893-2bcd-499a-867e-f9e245672e28", "isDeleted":"true", "size":"0", "version":"1776763598056"}}
{"logTime": "0421/095310", "correlationVector":"TvDuCkQ39wIIMu7jG7z8UY.2","action":"Commit Response", "result":"Success", "context":Result: Success. cV=TvDuCkQ39wIIMu7jG7z8UY.0;server=akswtt000000009;cloudType=Consumer;environment=Prod_southeastasia_prod-s01-064-apac-southeastasia;migrationStage=NotStarted}
{"logTime": "0421/095437", "correlationVector":"UsrtvjGbwqse+pPQz2kFku","action":"Commit Request", "result":"", "context":Item count: 2
Contributing types: Sessions, History}
{"logTime": "0421/095438", "correlationVector":"UsrtvjGbwqse+pPQz2kFku.1","action":"SyncServerConnectionManagerRequest", "result":"SYNC_SERVER_OK", "context":{"environment":"Prod_southeastasia_prod-s01-064-apac-southeastasia", "migrationStage":"NotStarted", "server":"akswtt000000007"}}
{"logTime": "0421/095438", "correlationVector":"UsrtvjGbwqse+pPQz2kFku.2","action":"Commit Response", "result":"Success", "context":Result: Success. cV=UsrtvjGbwqse+pPQz2kFku.0;server=akswtt000000007;cloudType=Consumer;environment=Prod_southeastasia_prod-s01-064-apac-southeastasia;migrationStage=NotStarted}
{"logTime": "0421/100112", "correlationVector":"ABmjBp4qQ7yHwC42hymMVX","action":"Commit Request", "result":"", "context":Item count: 1
Contributing types: Device Info}
{"logTime": "0421/100114", "correlationVector":"ABmjBp4qQ7yHwC42hymMVX.1","action":"SyncServerConnectionManagerRequest", "result":"SYNC_SERVER_OK", "context":{"environment":"Prod_southeastasia_prod-s01-064-apac-southeastasia", "migrationStage":"NotStarted", "server":"akswtt00000000k"}}
{"logTime": "0421/100114", "correlationVector":"ABmjBp4qQ7yHwC42hymMVX.2","action":"Commit Response", "result":"Success", "context":Result: Success. cV=ABmjBp4qQ7yHwC42hymMVX.0;server=akswtt00000000k;cloudType=Consumer;environment=Prod_southeastasia_prod-s01-064-apac-southeastasia;migrationStage=NotStarted}
{"logTime": "0421/100114", "correlationVector":"KxMXlt6MT6iwlkyD2XEvUm","action":"Commit Request", "result":"", "context":Item count: 1
Contributing types: Device Info}
{"logTime": "0421/100115", "correlationVector":"KxMXlt6MT6iwlkyD2XEvUm.1","action":"SyncServerConnectionManagerRequest", "result":"SYNC_SERVER_OK", "context":{"environment":"Prod_southeastasia_prod-s01-064-apac-southeastasia", "migrationStage":"NotStarted", "server":"akswtt000000000"}}
{"logTime": "0421/100115", "correlationVector":"KxMXlt6MT6iwlkyD2XEvUm.2","action":"Commit Response", "result":"Success", "context":Result: Success. cV=KxMXlt6MT6iwlkyD2XEvUm.0;server=akswtt000000000;cloudType=Consumer;environment=Prod_southeastasia_prod-s01-064-apac-southeastasia;migrationStage=NotStarted}
{"logTime": "0421/100232", "correlationVector":"qKeye2LZLToQsr5olinUOE","action":"Commit Request", "result":"", "context":Item count: 1
Contributing types: Device Info}
{"logTime": "0421/100233", "correlationVector":"qKeye2LZLToQsr5olinUOE.1","action":"SyncServerConnectionManagerRequest", "result":"SYNC_SERVER_OK", "context":{"environment":"Prod_southeastasia_prod-s01-064-apac-southeastasia", "migrationStage":"NotStarted", "server":"akswtt00000000q"}}
{"logTime": "0421/100233", "correlationVector":"qKeye2LZLToQsr5olinUOE.2","action":"Commit Response", "result":"Success", "context":Result: Success. cV=qKeye2LZLToQsr5olinUOE.0;server=akswtt00000000q;cloudType=Consumer;environment=Prod_southeastasia_prod-s01-064-apac-southeastasia;migrationStage=NotStarted}
{"logTime": "0421/100402", "correlationVector":"zID+ruGeXeSGdWZA67FY4u","action":"Commit Request", "result":"", "context":Item count: 1
Contributing types: Device Info}
{"logTime": "0421/100403", "correlationVector":"zID+ruGeXeSGdWZA67FY4u.1","action":"SyncServerConnectionManagerRequest", "result":"SYNC_SERVER_OK", "context":{"environment":"Prod_southeastasia_prod-s01-064-apac-southeastasia", "migrationStage":"NotStarted", "server":"akswtt00000000c"}}
{"logTime": "0421/100403", "correlationVector":"zID+ruGeXeSGdWZA67FY4u.2","action":"Commit Response", "result":"Success", "context":Result: Success. cV=zID+ruGeXeSGdWZA67FY4u.0;server=akswtt00000000c;cloudType=Consumer;environment=Prod_southeastasia_prod-s01-064-apac-southeastasia;migrationStage=NotStarted}
{"logTime": "0421/100533", "correlationVector":"SxxGjBqVaBWyjvx9tL2iER","action":"Commit Request", "result":"", "context":Item count: 2
Contributing types: Sessions, Device Info}
{"logTime": "0421/100534", "correlationVector":"SxxGjBqVaBWyjvx9tL2iER.1","action":"SyncServerConnectionManagerRequest", "result":"SYNC_SERVER_OK", "context":{"environment":"Prod_southeastasia_prod-s01-065-apac-southeastasia", "migrationStage":"NotStarted", "server":"akswtt00000000b"}}
{"logTime": "0421/100534", "correlationVector":"SxxGjBqVaBWyjvx9tL2iER.2","action":"Commit Response", "result":"Success", "context":Result: Success. cV=SxxGjBqVaBWyjvx9tL2iER.0;server=akswtt00000000b;cloudType=Consumer;environment=Prod_southeastasia_prod-s01-065-apac-southeastasia;migrationStage=NotStarted}
{"logTime": "0421/100703", "correlationVector":"XOOhDUocuma4W5H7e/ZuP6","action":"Commit Request", "result":"", "context":Item count: 1
Contributing types: Device Info}
{"logTime": "0421/100704", "correlationVector":"XOOhDUocuma4W5H7e/ZuP6.1","action":"SyncServerConnectionManagerRequest", "result":"SYNC_SERVER_OK", "context":{"environment":"Prod_southeastasia_prod-s01-064-apac-southeastasia", "migrationStage":"NotStarted", "server":"akswtt00000000h"}}
{"logTime": "0421/100704", "correlationVector":"XOOhDUocuma4W5H7e/ZuP6.2","action":"Commit Response", "result":"Success", "context":Result: Success. cV=XOOhDUocuma4W5H7e/ZuP6.0;server=akswtt00000000h;cloudType=Consumer;environment=Prod_southeastasia_prod-s01-064-apac-southeastasia;migrationStage=NotStarted}
{"logTime": "0421/100805", "correlationVector":"wrRr+QiBSUlOHvoq4W8TFY","action":"Commit Request", "result":"", "context":Item count: 1
Contributing types: Device Info}
{"logTime": "0421/100807", "correlationVector":"wrRr+QiBSUlOHvoq4W8TFY.1","action":"SyncServerConnectionManagerRequest", "result":"SYNC_SERVER_OK", "context":{"environment":"Prod_southeastasia_prod-s01-064-apac-southeastasia", "migrationStage":"NotStarted", "server":"akswtt00000000m"}}
{"logTime": "0421/100807", "correlationVector":"wrRr+QiBSUlOHvoq4W8TFY.2","action":"Commit Response", "result":"Success", "context":Result: Success. cV=wrRr+QiBSUlOHvoq4W8TFY.0;server=akswtt00000000m;cloudType=Consumer;environment=Prod_southeastasia_prod-s01-064-apac-southeastasia;migrationStage=NotStarted}
{"logTime": "0421/100936", "correlationVector":"h8haf8/ZD8GHDRLLHG65aR","action":"Commit Request", "result":"", "context":Item count: 1
Contributing types: Device Info}
{"logTime": "0421/100937", "correlationVector":"h8haf8/ZD8GHDRLLHG65aR.1","action":"SyncServerConnectionManagerRequest", "result":"SYNC_SERVER_OK", "context":{"environment":"Prod_southeastasia_prod-s01-064-apac-southeastasia", "migrationStage":"NotStarted", "server":"akswtt000000007"}}
{"logTime": "0421/100937", "correlationVector":"h8haf8/ZD8GHDRLLHG65aR.2","action":"Commit Response", "result":"Success", "context":Result: Success. cV=h8haf8/ZD8GHDRLLHG65aR.0;server=akswtt000000007;cloudType=Consumer;environment=Prod_southeastasia_prod-s01-064-apac-southeastasia;migrationStage=NotStarted}
{"logTime": "0421/101141", "correlationVector":"q5RmAK9Sz6akBkfiYHiDSs","action":"Commit Request", "result":"", "context":Item count: 1
Contributing types: Device Info}
{"logTime": "0421/101142", "correlationVector":"q5RmAK9Sz6akBkfiYHiDSs.1","action":"SyncServerConnectionManagerRequest", "result":"SYNC_SERVER_OK", "context":{"environment":"Prod_southeastasia_prod-s01-065-apac-southeastasia", "migrationStage":"NotStarted", "server":"akswtt000000002"}}
{"logTime": "0421/101142", "correlationVector":"q5RmAK9Sz6akBkfiYHiDSs.2","action":"Commit Response", "result":"Success", "context":Result: Success. cV=q5RmAK9Sz6akBkfiYHiDSs.0;server=akswtt000000002;cloudType=Consumer;environment=Prod_southeastasia_prod-s01-065-apac-southeastasia;migrationStage=NotStarted}
{"logTime": "0421/101311", "correlationVector":"JojOhgDZ7uU48cI4jc8NUB","action":"Commit Request", "result":"", "context":Item count: 1
Contributing types: Device Info}
{"logTime": "0421/101312", "correlationVector":"JojOhgDZ7uU48cI4jc8NUB.1","action":"SyncServerConnectionManagerRequest", "result":"SYNC_SERVER_OK", "context":{"environment":"Prod_southeastasia_prod-s01-064-apac-southeastasia", "migrationStage":"NotStarted", "server":"akswtt00000000d"}}
{"logTime": "0421/101312", "correlationVector":"JojOhgDZ7uU48cI4jc8NUB.2","action":"Commit Response", "result":"Success", "context":Result: Success. cV=JojOhgDZ7uU48cI4jc8NUB.0;server=akswtt00000000d;cloudType=Consumer;environment=Prod_southeastasia_prod-s01-064-apac-southeastasia;migrationStage=NotStarted}
{"logTime": "0421/101443", "correlationVector":"AvN8qV7GGUYpdryLAcW0SP","action":"Commit Request", "result":"", "context":Item count: 1
Contributing types: Device Info}
{"logTime": "0421/101443", "correlationVector":"AvN8qV7GGUYpdryLAcW0SP.1","action":"SyncServerConnectionManagerRequest", "result":"SYNC_SERVER_OK", "context":{"environment":"Prod_southeastasia_prod-s01-064-apac-southeastasia", "migrationStage":"NotStarted", "server":"akswtt000000003"}}
{"logTime": "0421/101443", "correlationVector":"AvN8qV7GGUYpdryLAcW0SP.2","action":"Commit Response", "result":"Success", "context":Result: Success. cV=AvN8qV7GGUYpdryLAcW0SP.0;server=akswtt000000003;cloudType=Consumer;environment=Prod_southeastasia_prod-s01-064-apac-southeastasia;migrationStage=NotStarted}
{"logTime": "0421/101528", "correlationVector":"9PSQjufehVznWvsxvyK6MM","action":"Commit Request", "result":"", "context":Item count: 2
Contributing types: Sessions, Device Info}
{"logTime": "0421/101529", "correlationVector":"9PSQjufehVznWvsxvyK6MM.1","action":"SyncServerConnectionManagerRequest", "result":"SYNC_SERVER_OK", "context":{"environment":"Prod_southeastasia_prod-s01-064-apac-southeastasia", "migrationStage":"NotStarted", "server":"akswtt000000007"}}
{"logTime": "0421/101529", "correlationVector":"9PSQjufehVznWvsxvyK6MM.2","action":"Commit Response", "result":"Success", "context":Result: Success. cV=9PSQjufehVznWvsxvyK6MM.0;server=akswtt000000007;cloudType=Consumer;environment=Prod_southeastasia_prod-s01-064-apac-southeastasia;migrationStage=NotStarted}
{"logTime": "0421/144447", "correlationVector":"5t+5mHFO6Y5oHBYwsIhN84.1","action":"SyncServerConnectionManagerRequest", "result":"SYNC_SERVER_OK", "context":{"environment":"Prod_southeastasia_prod-s01-065-apac-southeastasia", "migrationStage":"NotStarted", "server":"akswtt00000000o"}}
{"logTime": "0421/144447", "correlationVector":"5t+5mHFO6Y5oHBYwsIhN84.2","action":"ProcessGetUpdates", "result":"Done", "context":{"dataType":"Encryption Keys", "deleted":"0", "process_failed_to_decrypt":"0", "process_pending_decryption":"0", "process_success":"1", "total":"1"}}
{"logTime": "0421/144448", "correlationVector":"BPnScuxKEtPCYVGRRUhOcC","action":"SyncServerConnectionManagerRequest", "result":"SYNC_SERVER_OK", "context":{"environment":"", "migrationStage":"", "server":""}}
{"logTime": "0421/144448", "correlationVector":"BPnScuxKEtPCYVGRRUhOcC.0","action":"EncryptionKeysFetcher.DownloadKeys:", "result":"Success", "context":Key count: 6, Last key timestamp: 2026-01-06T07:52:14Z}
{"logTime": "0421/144448", "correlationVector":"BPnScuxKEtPCYVGRRUhOcC.1","action":"EncryptionKeysManager::SetEncryptionKeys:", "result":"Success", "context":Key names[6]:[+0IPNRwtNHsUaGSAch9gxJ7QZYidcjwbhS6273ubav8yR+ghgqbpEjqIGHy+jaNo7fH2ERbgOaOTt3SpZHR/WQ==][hmgSDHCxB78SjnN874uSHO9HvLgbuRl1eFQNAFgSaiB1rtjV0UJGzmyHxDK943XhEpWU7OS2yubkUfco/tA3ng==][E3pAI3qrgbnit+GvoRTqk4Q27zvN1q5c540wici7y2uX7HGjNU57Q1j/Hpn6/U8k8ZAxsAwkAcP84yLSDXylRg==][+b58XQxLuEVn45LaQ1f2PuHf2jdYzgeRkAXmskqL7LVNmCpT8BqQkJVqvBhxtibCR4qK+KopapXhrZpsGzk98Q==][/+rrKT77BNMOaMr2e8pC+a/gx8+Obb3lUTQC45OK0ENfOqDSAQvva8Xh7yQRG98gakRGl69SBUGonRVxk/xV9Q==][jylL3P2DQK3bwvTy8GoDN45KBAdatQGCgBDVR8YdH2wpC16ms+xCcu1TykptsWcPoZVDBAYSsDLmUx9UdCqIYg==]}
{"logTime": "0421/144448", "correlationVector":"BPnScuxKEtPCYVGRRUhOcC.2","action":"EncryptionKeysManager::SetEncryptionKeysWithTimestamps:", "result":"Success", "context":Key timestamps[6]:[2023-08-11T18:25:37Z][2023-12-02T14:37:19Z][2024-03-17T06:09:58Z][2024-10-18T17:32:03Z][2025-06-30T05:50:19Z][2026-01-06T07:52:14Z]}
{"logTime": "0421/144448", "correlationVector":"5t+5mHFO6Y5oHBYwsIhN84","action":"Initial GetUpdates", "result":"", "context":Reason: NEW_CLIENT. cV=5t+5mHFO6Y5oHBYwsIhN84}
{"logTime": "0421/144448", "correlationVector":"5t+5mHFO6Y5oHBYwsIhN84.3","action":"GetUpdates Response", "result":"Success", "context":Received 1 update(s). cV=5t+5mHFO6Y5oHBYwsIhN84.0;server=akswtt00000000o;cloudType=Consumer;environment=Prod_southeastasia_prod-s01-065-apac-southeastasia;migrationStage=NotStarted}
{"logTime": "0421/144448", "correlationVector":"yi5iiEn4jNwKV22o7p8YTS","action":"Initial GetUpdates", "result":"", "context":Reason: NEWLY_SUPPORTED_DATATYPE. cV=yi5iiEn4jNwKV22o7p8YTS}
{"logTime": "0421/144448", "correlationVector":"yi5iiEn4jNwKV22o7p8YTS.1","action":"SyncServerConnectionManagerRequest", "result":"SYNC_SERVER_OK", "context":{"environment":"Prod_southeastasia_prod-s01-065-apac-southeastasia", "migrationStage":"NotStarted", "server":"akswtt000000000"}}
{"logTime": "0421/144448", "correlationVector":"yi5iiEn4jNwKV22o7p8YTS.2","action":"ProcessGetUpdates", "result":"Done", "context":{"dataType":"Preferences", "deleted":"0", "process_failed_to_decrypt":"0", "process_pending_decryption":"0", "process_success":"62", "total":"62"}}
{"logTime": "0421/144448", "correlationVector":"yi5iiEn4jNwKV22o7p8YTS.3","action":"ProcessGetUpdates", "result":"Done", "context":{"dataType":"Passwords", "deleted":"0", "process_failed_to_decrypt":"0", "process_pending_decryption":"0", "process_success":"85", "total":"85"}}
{"logTime": "0421/144448", "correlationVector":"yi5iiEn4jNwKV22o7p8YTS.4","action":"ProcessGetUpdates", "result":"Done", "context":{"dataType":"Device Info", "deleted":"0", "process_failed_to_decrypt":"0", "process_pending_decryption":"0", "process_success":"17", "total":"17"}}
{"logTime": "0421/144448", "correlationVector":"yi5iiEn4jNwKV22o7p8YTS.5","action":"GetUpdates Response", "result":"Success", "context":Received 164 update(s). cV=yi5iiEn4jNwKV22o7p8YTS.0;server=akswtt000000000;cloudType=Consumer;environment=Prod_southeastasia_prod-s01-065-apac-southeastasia;migrationStage=NotStarted}
{"logTime": "0421/144448", "correlationVector":"L/KUAiSmM+LMj1hyBVh1KC","action":"Initial GetUpdates", "result":"", "context":Reason: NEWLY_SUPPORTED_DATATYPE. cV=L/KUAiSmM+LMj1hyBVh1KC}
{"logTime": "0421/144448", "correlationVector":"L/KUAiSmM+LMj1hyBVh1KC.1","action":"SyncServerConnectionManagerRequest", "result":"SYNC_SERVER_OK", "context":{"environment":"Prod_southeastasia_prod-s01-065-apac-southeastasia", "migrationStage":"NotStarted", "server":"akswtt00000000t"}}
{"logTime": "0421/144448", "correlationVector":"L/KUAiSmM+LMj1hyBVh1KC.2","action":"ProcessGetUpdates", "result":"Done", "context":{"dataType":"Bookmarks", "deleted":"0", "process_failed_to_decrypt":"0", "process_pending_decryption":"0", "process_success":"23", "total":"23"}}
{"logTime": "0421/144448", "correlationVector":"L/KUAiSmM+LMj1hyBVh1KC.3","action":"GetUpdates Response", "result":"Success", "context":Received 23 update(s). cV=L/KUAiSmM+LMj1hyBVh1KC.0;server=akswtt00000000t;cloudType=Consumer;environment=Prod_southeastasia_prod-s01-065-apac-southeastasia;migrationStage=NotStarted}
{"logTime": "0421/144448", "correlationVector":"ujMjfTuQ5hfLyCl58yJ1dW","action":"Initial GetUpdates", "result":"", "context":Reason: NEWLY_SUPPORTED_DATATYPE. cV=ujMjfTuQ5hfLyCl58yJ1dW}
{"logTime": "0421/144449", "correlationVector":"ujMjfTuQ5hfLyCl58yJ1dW.1","action":"SyncServerConnectionManagerRequest", "result":"SYNC_SERVER_OK", "context":{"environment":"Prod_southeastasia_prod-s01-065-apac-southeastasia", "migrationStage":"NotStarted", "server":"akswtt000000009"}}
{"logTime": "0421/144449", "correlationVector":"ujMjfTuQ5hfLyCl58yJ1dW.2","action":"ProcessGetUpdates", "result":"Done", "context":{"dataType":"Autofill Profiles", "deleted":"0", "process_failed_to_decrypt":"0", "process_pending_decryption":"0", "process_success":"2", "total":"2"}}
{"logTime": "0421/144449", "correlationVector":"ujMjfTuQ5hfLyCl58yJ1dW.3","action":"ProcessGetUpdates", "result":"Done", "context":{"dataType":"Autofill", "deleted":"0", "process_failed_to_decrypt":"0", "process_pending_decryption":"0", "process_success":"206", "total":"206"}}
{"logTime": "0421/144449", "correlationVector":"ujMjfTuQ5hfLyCl58yJ1dW.4","action":"ProcessGetUpdates", "result":"Done", "context":{"dataType":"Extensions", "deleted":"0", "process_failed_to_decrypt":"0", "process_pending_decryption":"0", "process_success":"2", "total":"2"}}
{"logTime": "0421/144449", "correlationVector":"ujMjfTuQ5hfLyCl58yJ1dW.5","action":"ProcessGetUpdates", "result":"Done", "context":{"dataType":"Sessions", "deleted":"21", "process_failed_to_decrypt":"0", "process_pending_decryption":"0", "process_success":"27", "total":"27"}}
{"logTime": "0421/144449", "correlationVector":"ujMjfTuQ5hfLyCl58yJ1dW.6","action":"ProcessGetUpdates", "result":"Done", "context":{"dataType":"Edge Hub App Usage", "deleted":"0", "process_failed_to_decrypt":"0", "process_pending_decryption":"0", "process_success":"1", "total":"1"}}
{"logTime": "0421/144449", "correlationVector":"ujMjfTuQ5hfLyCl58yJ1dW.7","action":"GetUpdates Response", "result":"Success", "context":Received 238 update(s). cV=ujMjfTuQ5hfLyCl58yJ1dW.0;server=akswtt000000009;cloudType=Consumer;environment=Prod_southeastasia_prod-s01-065-apac-southeastasia;migrationStage=NotStarted}
{"logTime": "0421/144449", "correlationVector":"ztVRQ2iLGW5H+7t1eeZ2bB","action":"Initial GetUpdates", "result":"", "context":Reason: NEWLY_SUPPORTED_DATATYPE. cV=ztVRQ2iLGW5H+7t1eeZ2bB}
{"logTime": "0421/144449", "correlationVector":"ztVRQ2iLGW5H+7t1eeZ2bB.1","action":"SyncServerConnectionManagerRequest", "result":"SYNC_SERVER_OK", "context":{"environment":"Prod_southeastasia_prod-s01-065-apac-southeastasia", "migrationStage":"NotStarted", "server":"akswtt00000000f"}}
{"logTime": "0421/144449", "correlationVector":"ztVRQ2iLGW5H+7t1eeZ2bB.2","action":"ProcessGetUpdates", "result":"Done", "context":{"dataType":"History", "deleted":"0", "process_failed_to_decrypt":"0", "process_pending_decryption":"0", "process_success":"6", "total":"6"}}
{"logTime": "0421/144449", "correlationVector":"ztVRQ2iLGW5H+7t1eeZ2bB.3","action":"GetUpdates Response", "result":"Success", "context":Received 6 update(s). cV=ztVRQ2iLGW5H+7t1eeZ2bB.0;server=akswtt00000000f;cloudType=Consumer;environment=Prod_southeastasia_prod-s01-065-apac-southeastasia;migrationStage=NotStarted}
{"logTime": "0421/144449", "correlationVector":"ZfVDyra07NekppGvV9lsyZ","action":"Normal GetUpdate request", "result":"", "context":cV=ZfVDyra07NekppGvV9lsyZ
Nudged types: Sessions, Device Info
Refresh requested types: Bookmarks, Preferences, Passwords, Autofill Profiles, Autofill, Extensions, Sessions, Extension settings, History Delete Directives, Device Info, User Consents, Send Tab To Self, Web Apps, History, Saved Tab Group, WebAuthn Credentials, Collection, Edge E Drop, Edge Hub App Usage, Edge Wallet, Edge Workspace, Encryption Keys}
{"logTime": "0421/144450", "correlationVector":"ZfVDyra07NekppGvV9lsyZ.1","action":"SyncServerConnectionManagerRequest", "result":"SYNC_SERVER_OK", "context":{"environment":"Prod_southeastasia_prod-s01-065-apac-southeastasia", "migrationStage":"NotStarted", "server":"akswtt00000000q"}}
{"logTime": "0421/144450", "correlationVector":"ZfVDyra07NekppGvV9lsyZ.2","action":"GetUpdates Response", "result":"Success", "context":Received 0 update(s). cV=ZfVDyra07NekppGvV9lsyZ.0;server=akswtt00000000q;cloudType=Consumer;environment=Prod_southeastasia_prod-s01-065-apac-southeastasia;migrationStage=NotStarted}
{"logTime": "0421/144450", "correlationVector":"VBbbpOHPQPYzh/y/iQVwfl","action":"DoCompareDataConsistency requsted types: ", "result":"Bookmarks, Preferences, Passwords, Extensions, Extension settings, History Delete Directives, Send Tab To Self, Web Apps, History, Saved Tab Group, WebAuthn Credentials, Collection, Edge E Drop, Edge Wallet, Edge Workspace, Encryption Keys"}
{"logTime": "0421/144450", "correlationVector":"VBbbpOHPQPYzh/y/iQVwfl.0","action":"CompareDataConsistency result: ", "result":"Compare result: Encryption Keys is consistent. local entities count is: 1 local entities hash is: pacgmypeZmsVETF6GrNvbi5pMGY="}
{"logTime": "0421/144450", "correlationVector":"VBbbpOHPQPYzh/y/iQVwfl.1","action":"CompareDataConsistency result: ", "result":"Compare result: Bookmarks is consistent. local entities count is: 17 local entities hash is: dmztvRJy7Y0foVPZAgk7YW/kMYw="}
{"logTime": "0421/144450", "correlationVector":"VBbbpOHPQPYzh/y/iQVwfl.2","action":"CompareDataConsistency result: ", "result":"Compare result: Preferences is consistent. local entities count is: 62 local entities hash is: ZH869nu0R3kyAFnOL12AFTI2o6Q="}
{"logTime": "0421/144450", "correlationVector":"VBbbpOHPQPYzh/y/iQVwfl.3","action":"CompareDataConsistency result: ", "result":"Compare result: Extensions is consistent. local entities count is: 2 local entities hash is: F9vY0kPxPMstjcB42k7aUj+Rjzs="}
{"logTime": "0421/144450", "correlationVector":"VBbbpOHPQPYzh/y/iQVwfl.4","action":"CompareDataConsistency result: ", "result":"Compare result: Extension settings is consistent. local entities count is: 0 local entities hash is: "}
{"logTime": "0421/144450", "correlationVector":"VBbbpOHPQPYzh/y/iQVwfl.5","action":"CompareDataConsistency result: ", "result":"Compare result: History Delete Directives is consistent. local entities count is: 0 local entities hash is: "}
{"logTime": "0421/144450", "correlationVector":"VBbbpOHPQPYzh/y/iQVwfl.6","action":"CompareDataConsistency result: ", "result":"Server did not send this Send Tab To Self local entities count is: 0 local entities hash is: "}
{"logTime": "0421/144450", "correlationVector":"VBbbpOHPQPYzh/y/iQVwfl.7","action":"CompareDataConsistency result: ", "result":"Compare result: Web Apps is consistent. local entities count is: 0 local entities hash is: "}
{"logTime": "0421/144450", "correlationVector":"VBbbpOHPQPYzh/y/iQVwfl.8","action":"CompareDataConsistency result: ", "result":"Server did not send this History local entities count is: 0 local entities hash is: "}
{"logTime": "0421/144450", "correlationVector":"VBbbpOHPQPYzh/y/iQVwfl.9","action":"CompareDataConsistency result: ", "result":"Compare result: Saved Tab Group is consistent. local entities count is: 0 local entities hash is: "}
{"logTime": "0421/144450", "correlationVector":"VBbbpOHPQPYzh/y/iQVwfl.10","action":"CompareDataConsistency result: ", "result":"Server did not send this WebAuthn Credentials local entities count is: 0 local entities hash is: "}
{"logTime": "0421/144450", "correlationVector":"VBbbpOHPQPYzh/y/iQVwfl.11","action":"CompareDataConsistency result: ", "result":"Compare result: Collection is consistent. local entities count is: 0 local entities hash is: "}
{"logTime": "0421/144450", "correlationVector":"VBbbpOHPQPYzh/y/iQVwfl.12","action":"CompareDataConsistency result: ", "result":"Compare result: Edge E Drop is consistent. local entities count is: 0 local entities hash is: "}
{"logTime": "0421/144450", "correlationVector":"VBbbpOHPQPYzh/y/iQVwfl.13","action":"CompareDataConsistency result: ", "result":"Compare result: Edge Wallet is consistent. local entities count is: 0 local entities hash is: "}
{"logTime": "0421/144450", "correlationVector":"VBbbpOHPQPYzh/y/iQVwfl.14","action":"CompareDataConsistency result: ", "result":"Server did not send this Edge Workspace local entities count is: 0 local entities hash is: "}
{"logTime": "0421/144450", "correlationVector":"VBbbpOHPQPYzh/y/iQVwfl.15","action":"CompareDataConsistency result: ", "result":"Compare result: Passwords is consistent. local entities count is: 85 local entities hash is: 89O6lRjo4dDxI4hxzm4GC6Y/5LI="}
{"logTime": "0421/144450", "correlationVector":"1Q9CDAiO1RyXKNNNwFEWBh","action":"Commit Request", "result":"", "context":Item count: 3
Contributing types: Sessions, Device Info}
{"logTime": "0421/144450", "correlationVector":"1Q9CDAiO1RyXKNNNwFEWBh.1","action":"SyncServerConnectionManagerRequest", "result":"SYNC_SERVER_OK", "context":{"environment":"Prod_southeastasia_prod-s01-065-apac-southeastasia", "migrationStage":"NotStarted", "server":"akswtt00000000o"}}
{"logTime": "0421/144450", "correlationVector":"1Q9CDAiO1RyXKNNNwFEWBh.2","action":"Commit Response", "result":"Success", "context":Result: Success. cV=1Q9CDAiO1RyXKNNNwFEWBh.0;server=akswtt00000000o;cloudType=Consumer;environment=Prod_southeastasia_prod-s01-065-apac-southeastasia;migrationStage=NotStarted}
{"logTime": "0421/144450", "correlationVector":"","action":"DIAGNOSTIC_REQUEST|v1/diagnosticData/Diagnostic.SendCheckResult()|SUCCESS", "result":""}
{"logTime": "0421/144541", "correlationVector":"yQMjM/AEWgMekSue0jb1qy","action":"Commit Request", "result":"", "context":Item count: 2
Contributing types: Sessions, History}
{"logTime": "0421/144542", "correlationVector":"yQMjM/AEWgMekSue0jb1qy.1","action":"SyncServerConnectionManagerRequest", "result":"SYNC_SERVER_OK", "context":{"environment":"Prod_southeastasia_prod-s01-065-apac-southeastasia", "migrationStage":"NotStarted", "server":"akswtt00000000k"}}
{"logTime": "0421/144542", "correlationVector":"yQMjM/AEWgMekSue0jb1qy.2","action":"Commit Response", "result":"Success", "context":Result: Success. cV=yQMjM/AEWgMekSue0jb1qy.0;server=akswtt00000000k;cloudType=Consumer;environment=Prod_southeastasia_prod-s01-065-apac-southeastasia;migrationStage=NotStarted}
{"logTime": "0422/055721", "correlationVector":"n7Yhjk5m4dCNEshLSR45NV.1","action":"SyncServerConnectionManagerRequest", "result":"SYNC_SERVER_OK", "context":{"environment":"Prod_southeastasia_prod-s01-064-apac-southeastasia", "migrationStage":"NotStarted", "server":"akswtt000000009"}}
{"logTime": "0422/055721", "correlationVector":"n7Yhjk5m4dCNEshLSR45NV.2","action":"ProcessGetUpdates", "result":"Done", "context":{"dataType":"Encryption Keys", "deleted":"0", "process_failed_to_decrypt":"0", "process_pending_decryption":"0", "process_success":"1", "total":"1"}}
{"logTime": "0422/055722", "correlationVector":"pAmF9u78EJ1T2UFOtXsM64","action":"SyncServerConnectionManagerRequest", "result":"SYNC_SERVER_OK", "context":{"environment":"", "migrationStage":"", "server":""}}
{"logTime": "0422/055722", "correlationVector":"pAmF9u78EJ1T2UFOtXsM64.0","action":"EncryptionKeysFetcher.DownloadKeys:", "result":"Success", "context":Key count: 6, Last key timestamp: 2026-01-06T07:52:14Z}
{"logTime": "0422/055722", "correlationVector":"pAmF9u78EJ1T2UFOtXsM64.1","action":"EncryptionKeysManager::SetEncryptionKeys:", "result":"Success", "context":Key names[6]:[+0IPNRwtNHsUaGSAch9gxJ7QZYidcjwbhS6273ubav8yR+ghgqbpEjqIGHy+jaNo7fH2ERbgOaOTt3SpZHR/WQ==][hmgSDHCxB78SjnN874uSHO9HvLgbuRl1eFQNAFgSaiB1rtjV0UJGzmyHxDK943XhEpWU7OS2yubkUfco/tA3ng==][E3pAI3qrgbnit+GvoRTqk4Q27zvN1q5c540wici7y2uX7HGjNU57Q1j/Hpn6/U8k8ZAxsAwkAcP84yLSDXylRg==][+b58XQxLuEVn45LaQ1f2PuHf2jdYzgeRkAXmskqL7LVNmCpT8BqQkJVqvBhxtibCR4qK+KopapXhrZpsGzk98Q==][/+rrKT77BNMOaMr2e8pC+a/gx8+Obb3lUTQC45OK0ENfOqDSAQvva8Xh7yQRG98gakRGl69SBUGonRVxk/xV9Q==][jylL3P2DQK3bwvTy8GoDN45KBAdatQGCgBDVR8YdH2wpC16ms+xCcu1TykptsWcPoZVDBAYSsDLmUx9UdCqIYg==]}
{"logTime": "0422/055722", "correlationVector":"pAmF9u78EJ1T2UFOtXsM64.2","action":"EncryptionKeysManager::SetEncryptionKeysWithTimestamps:", "result":"Success", "context":Key timestamps[6]:[2023-08-11T18:25:37Z][2023-12-02T14:37:19Z][2024-03-17T06:09:58Z][2024-10-18T17:32:03Z][2025-06-30T05:50:19Z][2026-01-06T07:52:14Z]}
{"logTime": "0422/055722", "correlationVector":"n7Yhjk5m4dCNEshLSR45NV","action":"Initial GetUpdates", "result":"", "context":Reason: NEW_CLIENT. cV=n7Yhjk5m4dCNEshLSR45NV}
{"logTime": "0422/055722", "correlationVector":"n7Yhjk5m4dCNEshLSR45NV.3","action":"GetUpdates Response", "result":"Success", "context":Received 1 update(s). cV=n7Yhjk5m4dCNEshLSR45NV.0;server=akswtt000000009;cloudType=Consumer;environment=Prod_southeastasia_prod-s01-064-apac-southeastasia;migrationStage=NotStarted}
{"logTime": "0422/055722", "correlationVector":"JEjCf98ZhfUTc3AJulUexO","action":"Initial GetUpdates", "result":"", "context":Reason: NEWLY_SUPPORTED_DATATYPE. cV=JEjCf98ZhfUTc3AJulUexO}
{"logTime": "0422/055722", "correlationVector":"JEjCf98ZhfUTc3AJulUexO.1","action":"SyncServerConnectionManagerRequest", "result":"SYNC_SERVER_OK", "context":{"environment":"Prod_southeastasia_prod-s01-064-apac-southeastasia", "migrationStage":"NotStarted", "server":"akswtt00000000q"}}
{"logTime": "0422/055722", "correlationVector":"JEjCf98ZhfUTc3AJulUexO.2","action":"ProcessGetUpdates", "result":"Done", "context":{"dataType":"Preferences", "deleted":"0", "process_failed_to_decrypt":"0", "process_pending_decryption":"0", "process_success":"62", "total":"62"}}
{"logTime": "0422/055722", "correlationVector":"JEjCf98ZhfUTc3AJulUexO.3","action":"ProcessGetUpdates", "result":"Done", "context":{"dataType":"Passwords", "deleted":"0", "process_failed_to_decrypt":"0", "process_pending_decryption":"0", "process_success":"85", "total":"85"}}
{"logTime": "0422/055722", "correlationVector":"JEjCf98ZhfUTc3AJulUexO.4","action":"ProcessGetUpdates", "result":"Done", "context":{"dataType":"Device Info", "deleted":"0", "process_failed_to_decrypt":"0", "process_pending_decryption":"0", "process_success":"18", "total":"18"}}
{"logTime": "0422/055722", "correlationVector":"JEjCf98ZhfUTc3AJulUexO.5","action":"GetUpdates Response", "result":"Success", "context":Received 165 update(s). cV=JEjCf98ZhfUTc3AJulUexO.0;server=akswtt00000000q;cloudType=Consumer;environment=Prod_southeastasia_prod-s01-064-apac-southeastasia;migrationStage=NotStarted}
{"logTime": "0422/055722", "correlationVector":"r8NdGnQ5qB5sLvANsH9hnk","action":"Initial GetUpdates", "result":"", "context":Reason: NEWLY_SUPPORTED_DATATYPE. cV=r8NdGnQ5qB5sLvANsH9hnk}
{"logTime": "0422/055723", "correlationVector":"r8NdGnQ5qB5sLvANsH9hnk.1","action":"SyncServerConnectionManagerRequest", "result":"SYNC_SERVER_OK", "context":{"environment":"Prod_australiaeast_prod-s01-011-apac-australiaeast", "migrationStage":"NotStarted", "server":"akswtt02800000e"}}
{"logTime": "0422/055723", "correlationVector":"r8NdGnQ5qB5sLvANsH9hnk.2","action":"ProcessGetUpdates", "result":"Done", "context":{"dataType":"Bookmarks", "deleted":"0", "process_failed_to_decrypt":"0", "process_pending_decryption":"0", "process_success":"23", "total":"23"}}
{"logTime": "0422/055723", "correlationVector":"r8NdGnQ5qB5sLvANsH9hnk.3","action":"GetUpdates Response", "result":"Success", "context":Received 23 update(s). cV=r8NdGnQ5qB5sLvANsH9hnk.0;server=akswtt02800000e;cloudType=Consumer;environment=Prod_australiaeast_prod-s01-011-apac-australiaeast;migrationStage=NotStarted}
{"logTime": "0422/055723", "correlationVector":"WhskDJ/JHD5hk6P6/EktoT","action":"Initial GetUpdates", "result":"", "context":Reason: NEWLY_SUPPORTED_DATATYPE. cV=WhskDJ/JHD5hk6P6/EktoT}
{"logTime": "0422/055724", "correlationVector":"WhskDJ/JHD5hk6P6/EktoT.1","action":"SyncServerConnectionManagerRequest", "result":"SYNC_SERVER_OK", "context":{"environment":"Prod_southeastasia_prod-s01-064-apac-southeastasia", "migrationStage":"NotStarted", "server":"akswtt00000000c"}}
{"logTime": "0422/055724", "correlationVector":"WhskDJ/JHD5hk6P6/EktoT.2","action":"ProcessGetUpdates", "result":"Done", "context":{"dataType":"Autofill Profiles", "deleted":"0", "process_failed_to_decrypt":"0", "process_pending_decryption":"0", "process_success":"2", "total":"2"}}
{"logTime": "0422/055724", "correlationVector":"WhskDJ/JHD5hk6P6/EktoT.3","action":"ProcessGetUpdates", "result":"Done", "context":{"dataType":"Autofill", "deleted":"0", "process_failed_to_decrypt":"0", "process_pending_decryption":"0", "process_success":"206", "total":"206"}}
{"logTime": "0422/055724", "correlationVector":"WhskDJ/JHD5hk6P6/EktoT.4","action":"ProcessGetUpdates", "result":"Done", "context":{"dataType":"Extensions", "deleted":"0", "process_failed_to_decrypt":"0", "process_pending_decryption":"0", "process_success":"2", "total":"2"}}
{"logTime": "0422/055724", "correlationVector":"WhskDJ/JHD5hk6P6/EktoT.5","action":"ProcessGetUpdates", "result":"Done", "context":{"dataType":"Sessions", "deleted":"21", "process_failed_to_decrypt":"0", "process_pending_decryption":"0", "process_success":"29", "total":"29"}}
{"logTime": "0422/055724", "correlationVector":"WhskDJ/JHD5hk6P6/EktoT.6","action":"ProcessGetUpdates", "result":"Done", "context":{"dataType":"Edge Hub App Usage", "deleted":"0", "process_failed_to_decrypt":"0", "process_pending_decryption":"0", "process_success":"1", "total":"1"}}
{"logTime": "0422/055724", "correlationVector":"WhskDJ/JHD5hk6P6/EktoT.7","action":"GetUpdates Response", "result":"Success", "context":Received 240 update(s). cV=WhskDJ/JHD5hk6P6/EktoT.0;server=akswtt00000000c;cloudType=Consumer;environment=Prod_southeastasia_prod-s01-064-apac-southeastasia;migrationStage=NotStarted}
{"logTime": "0422/055724", "correlationVector":"AGioFAiiZPuqgp5rd6JIYu","action":"Initial GetUpdates", "result":"", "context":Reason: NEWLY_SUPPORTED_DATATYPE. cV=AGioFAiiZPuqgp5rd6JIYu}
{"logTime": "0422/055724", "correlationVector":"AGioFAiiZPuqgp5rd6JIYu.1","action":"SyncServerConnectionManagerRequest", "result":"SYNC_SERVER_OK", "context":{"environment":"Prod_southeastasia_prod-s01-064-apac-southeastasia", "migrationStage":"NotStarted", "server":"akswtt00000000e"}}
{"logTime": "0422/055724", "correlationVector":"AGioFAiiZPuqgp5rd6JIYu.2","action":"ProcessGetUpdates", "result":"Done", "context":{"dataType":"History", "deleted":"0", "process_failed_to_decrypt":"0", "process_pending_decryption":"0", "process_success":"7", "total":"7"}}
{"logTime": "0422/055724", "correlationVector":"AGioFAiiZPuqgp5rd6JIYu.3","action":"GetUpdates Response", "result":"Success", "context":Received 7 update(s). cV=AGioFAiiZPuqgp5rd6JIYu.0;server=akswtt00000000e;cloudType=Consumer;environment=Prod_southeastasia_prod-s01-064-apac-southeastasia;migrationStage=NotStarted}
{"logTime": "0422/055724", "correlationVector":"nZ0OtsScaRtSSmHBU19ey4","action":"Normal GetUpdate request", "result":"", "context":cV=nZ0OtsScaRtSSmHBU19ey4
Nudged types: Passwords, Sessions, Device Info
Refresh requested types: Bookmarks, Preferences, Passwords, Autofill Profiles, Autofill, Extensions, Sessions, Extension settings, History Delete Directives, Device Info, User Consents, Send Tab To Self, Web Apps, History, Saved Tab Group, WebAuthn Credentials, Collection, Edge E Drop, Edge Hub App Usage, Edge Wallet, Edge Workspace, Encryption Keys}
{"logTime": "0422/055725", "correlationVector":"nZ0OtsScaRtSSmHBU19ey4.1","action":"SyncServerConnectionManagerRequest", "result":"SYNC_SERVER_OK", "context":{"environment":"Prod_japanwest_prod-s01-066-apac-japanwest", "migrationStage":"NotStarted", "server":"akswtt113000003"}}
{"logTime": "0422/055725", "correlationVector":"nZ0OtsScaRtSSmHBU19ey4.2","action":"GetUpdates Response", "result":"Success", "context":Received 0 update(s). cV=nZ0OtsScaRtSSmHBU19ey4.0;server=akswtt113000003;cloudType=Consumer;environment=Prod_japanwest_prod-s01-066-apac-japanwest;migrationStage=NotStarted}
{"logTime": "0422/055725", "correlationVector":"O/2YS2thxK6WT/sxFNtUWT","action":"Commit Request", "result":"", "context":Item count: 4
Contributing types: Passwords, Sessions, Device Info}
{"logTime": "0422/055726", "correlationVector":"O/2YS2thxK6WT/sxFNtUWT.1","action":"SyncServerConnectionManagerRequest", "result":"SYNC_SERVER_OK", "context":{"environment":"Prod_australiaeast_prod-s01-011-apac-australiaeast", "migrationStage":"NotStarted", "server":"akswtt02800000e"}}
{"logTime": "0422/055726", "correlationVector":"O/2YS2thxK6WT/sxFNtUWT.2","action":"Commit Response", "result":"Success", "context":Result: Success. cV=O/2YS2thxK6WT/sxFNtUWT.0;server=akswtt02800000e;cloudType=Consumer;environment=Prod_australiaeast_prod-s01-011-apac-australiaeast;migrationStage=NotStarted}
{"logTime": "0422/055916", "correlationVector":"XGmn7uhjh3NYQfIXmyRnGu.1","action":"SyncServerConnectionManagerRequest", "result":"SYNC_SERVER_OK", "context":{"environment":"Prod_southeastasia_prod-s01-064-apac-southeastasia", "migrationStage":"NotStarted", "server":"akswtt00000000d"}}
{"logTime": "0422/055916", "correlationVector":"XGmn7uhjh3NYQfIXmyRnGu.2","action":"ProcessGetUpdates", "result":"Done", "context":{"dataType":"Encryption Keys", "deleted":"0", "process_failed_to_decrypt":"0", "process_pending_decryption":"0", "process_success":"1", "total":"1"}}
{"logTime": "0422/055916", "correlationVector":"C/JaaCsXv3ZfcPfx2jeN9t","action":"SyncServerConnectionManagerRequest", "result":"SYNC_SERVER_OK", "context":{"environment":"", "migrationStage":"", "server":""}}
{"logTime": "0422/055916", "correlationVector":"C/JaaCsXv3ZfcPfx2jeN9t.0","action":"EncryptionKeysFetcher.DownloadKeys:", "result":"Success", "context":Key count: 6, Last key timestamp: 2026-01-06T07:52:14Z}
{"logTime": "0422/055916", "correlationVector":"C/JaaCsXv3ZfcPfx2jeN9t.1","action":"EncryptionKeysManager::SetEncryptionKeys:", "result":"Success", "context":Key names[6]:[+0IPNRwtNHsUaGSAch9gxJ7QZYidcjwbhS6273ubav8yR+ghgqbpEjqIGHy+jaNo7fH2ERbgOaOTt3SpZHR/WQ==][hmgSDHCxB78SjnN874uSHO9HvLgbuRl1eFQNAFgSaiB1rtjV0UJGzmyHxDK943XhEpWU7OS2yubkUfco/tA3ng==][E3pAI3qrgbnit+GvoRTqk4Q27zvN1q5c540wici7y2uX7HGjNU57Q1j/Hpn6/U8k8ZAxsAwkAcP84yLSDXylRg==][+b58XQxLuEVn45LaQ1f2PuHf2jdYzgeRkAXmskqL7LVNmCpT8BqQkJVqvBhxtibCR4qK+KopapXhrZpsGzk98Q==][/+rrKT77BNMOaMr2e8pC+a/gx8+Obb3lUTQC45OK0ENfOqDSAQvva8Xh7yQRG98gakRGl69SBUGonRVxk/xV9Q==][jylL3P2DQK3bwvTy8GoDN45KBAdatQGCgBDVR8YdH2wpC16ms+xCcu1TykptsWcPoZVDBAYSsDLmUx9UdCqIYg==]}
{"logTime": "0422/055916", "correlationVector":"C/JaaCsXv3ZfcPfx2jeN9t.2","action":"EncryptionKeysManager::SetEncryptionKeysWithTimestamps:", "result":"Success", "context":Key timestamps[6]:[2023-08-11T18:25:37Z][2023-12-02T14:37:19Z][2024-03-17T06:09:58Z][2024-10-18T17:32:03Z][2025-06-30T05:50:19Z][2026-01-06T07:52:14Z]}
{"logTime": "0422/055917", "correlationVector":"XGmn7uhjh3NYQfIXmyRnGu","action":"Initial GetUpdates", "result":"", "context":Reason: NEW_CLIENT. cV=XGmn7uhjh3NYQfIXmyRnGu}
{"logTime": "0422/055917", "correlationVector":"XGmn7uhjh3NYQfIXmyRnGu.3","action":"GetUpdates Response", "result":"Success", "context":Received 1 update(s). cV=XGmn7uhjh3NYQfIXmyRnGu.0;server=akswtt00000000d;cloudType=Consumer;environment=Prod_southeastasia_prod-s01-064-apac-southeastasia;migrationStage=NotStarted}
{"logTime": "0422/055917", "correlationVector":"x3M7ShfmE6PFMxtvEtCPt8","action":"Initial GetUpdates", "result":"", "context":Reason: NEWLY_SUPPORTED_DATATYPE. cV=x3M7ShfmE6PFMxtvEtCPt8}
{"logTime": "0422/055917", "correlationVector":"x3M7ShfmE6PFMxtvEtCPt8.1","action":"SyncServerConnectionManagerRequest", "result":"SYNC_SERVER_OK", "context":{"environment":"Prod_southeastasia_prod-s01-064-apac-southeastasia", "migrationStage":"NotStarted", "server":"akswtt000000004"}}
{"logTime": "0422/055917", "correlationVector":"x3M7ShfmE6PFMxtvEtCPt8.2","action":"ProcessGetUpdates", "result":"Done", "context":{"dataType":"Passwords", "deleted":"0", "process_failed_to_decrypt":"0", "process_pending_decryption":"0", "process_success":"86", "total":"86"}}
{"logTime": "0422/055917", "correlationVector":"x3M7ShfmE6PFMxtvEtCPt8.3","action":"GetUpdates Response", "result":"Success", "context":Received 86 update(s). cV=x3M7ShfmE6PFMxtvEtCPt8.0;server=akswtt000000004;cloudType=Consumer;environment=Prod_southeastasia_prod-s01-064-apac-southeastasia;migrationStage=NotStarted}
{"logTime": "0422/055917", "correlationVector":"29rO3ovFV/ATbkZDxb2RHH","action":"Normal GetUpdate request", "result":"", "context":cV=29rO3ovFV/ATbkZDxb2RHH
Nudged types: Preferences, Sessions, History
Refresh requested types: Bookmarks, Preferences, Passwords, Autofill Profiles, Autofill, Extensions, Sessions, Extension settings, History Delete Directives, Device Info, User Consents, Send Tab To Self, Web Apps, History, Saved Tab Group, WebAuthn Credentials, Collection, Edge E Drop, Edge Hub App Usage, Edge Wallet, Edge Workspace, Encryption Keys}
{"logTime": "0422/055918", "correlationVector":"29rO3ovFV/ATbkZDxb2RHH.1","action":"SyncServerConnectionManagerRequest", "result":"SYNC_SERVER_OK", "context":{"environment":"Prod_southeastasia_prod-s01-064-apac-southeastasia", "migrationStage":"NotStarted", "server":"akswtt000000004"}}
{"logTime": "0422/055918", "correlationVector":"29rO3ovFV/ATbkZDxb2RHH.2","action":"ProcessGetUpdates", "result":"Done", "context":{"dataType":"Sessions", "deleted":"0", "process_failed_to_decrypt":"0", "process_pending_decryption":"0", "process_success":"2", "total":"2"}}
{"logTime": "0422/055918", "correlationVector":"29rO3ovFV/ATbkZDxb2RHH.3","action":"ProcessGetUpdates", "result":"Done", "context":{"dataType":"Device Info", "deleted":"0", "process_failed_to_decrypt":"0", "process_pending_decryption":"0", "process_success":"1", "total":"1"}}
{"logTime": "0422/055918", "correlationVector":"29rO3ovFV/ATbkZDxb2RHH.4","action":"GetUpdates Response", "result":"Success", "context":Received 3 update(s). cV=29rO3ovFV/ATbkZDxb2RHH.0;server=akswtt000000004;cloudType=Consumer;environment=Prod_southeastasia_prod-s01-064-apac-southeastasia;migrationStage=NotStarted}
{"logTime": "0422/055918", "correlationVector":"kmYVkTpAeNosuIADwFUbCU","action":"Commit Request", "result":"", "context":Item count: 14
Contributing types: Preferences, Sessions, Device Info, History}
{"logTime": "0422/055919", "correlationVector":"kmYVkTpAeNosuIADwFUbCU.1","action":"SyncServerConnectionManagerRequest", "result":"SYNC_SERVER_OK", "context":{"environment":"Prod_southeastasia_prod-s01-064-apac-southeastasia", "migrationStage":"NotStarted", "server":"akswtt00000000h"}}
{"logTime": "0422/055919", "correlationVector":"kmYVkTpAeNosuIADwFUbCU.2","action":"Commit Response", "result":"Success", "context":Result: Success. cV=kmYVkTpAeNosuIADwFUbCU.0;server=akswtt00000000h;cloudType=Consumer;environment=Prod_southeastasia_prod-s01-064-apac-southeastasia;migrationStage=NotStarted}
{"logTime": "0422/060031", "correlationVector":"/SFDZWpGDzyP7glYpY1awc","action":"Commit Request", "result":"", "context":Item count: 3
Contributing types: Sessions, History}
{"logTime": "0422/060032", "correlationVector":"/SFDZWpGDzyP7glYpY1awc.1","action":"SyncServerConnectionManagerRequest", "result":"SYNC_SERVER_OK", "context":{"environment":"Prod_southeastasia_prod-s01-064-apac-southeastasia", "migrationStage":"NotStarted", "server":"akswtt00000000k"}}
{"logTime": "0422/060032", "correlationVector":"/SFDZWpGDzyP7glYpY1awc.3","action":"Commit.Sessions", "result":"Success", "context":{"id":"339fe38a-b016-4b53-95fc-dd18c8ef2b27", "isDeleted":"true", "size":"0", "version":"1776837558756"}}
{"logTime": "0422/060032", "correlationVector":"/SFDZWpGDzyP7glYpY1awc.2","action":"Commit Response", "result":"Success", "context":Result: Success. cV=/SFDZWpGDzyP7glYpY1awc.0;server=akswtt00000000k;cloudType=Consumer;environment=Prod_southeastasia_prod-s01-064-apac-southeastasia;migrationStage=NotStarted}
{"logTime": "0422/060300", "correlationVector":"vk3NB13sgRlq9DvzJrC8cg","action":"Commit Request", "result":"", "context":Item count: 3
Contributing types: Sessions, History}
{"logTime": "0422/060303", "correlationVector":"vk3NB13sgRlq9DvzJrC8cg.1","action":"SyncServerConnectionManagerRequest", "result":"SYNC_SERVER_OK", "context":{"environment":"Prod_southeastasia_prod-s01-065-apac-southeastasia", "migrationStage":"NotStarted", "server":"akswtt00000000h"}}
{"logTime": "0422/060303", "correlationVector":"vk3NB13sgRlq9DvzJrC8cg.2","action":"Commit Response", "result":"Success", "context":Result: Success. cV=vk3NB13sgRlq9DvzJrC8cg.0;server=akswtt00000000h;cloudType=Consumer;environment=Prod_southeastasia_prod-s01-065-apac-southeastasia;migrationStage=NotStarted}
{"logTime": "0422/060510", "correlationVector":"gF2SIzpCQg4SWJbf25eXSR.1","action":"SyncServerConnectionManagerRequest", "result":"SYNC_SERVER_OK", "context":{"environment":"Prod_southeastasia_prod-s01-065-apac-southeastasia", "migrationStage":"NotStarted", "server":"akswtt00000000f"}}
{"logTime": "0422/060510", "correlationVector":"gF2SIzpCQg4SWJbf25eXSR.2","action":"ProcessGetUpdates", "result":"Done", "context":{"dataType":"Encryption Keys", "deleted":"0", "process_failed_to_decrypt":"0", "process_pending_decryption":"0", "process_success":"1", "total":"1"}}
{"logTime": "0422/060511", "correlationVector":"bN0K0fNv5DStNSHe4v33H5","action":"SyncServerConnectionManagerRequest", "result":"SYNC_SERVER_OK", "context":{"environment":"", "migrationStage":"", "server":""}}
{"logTime": "0422/060511", "correlationVector":"bN0K0fNv5DStNSHe4v33H5.0","action":"EncryptionKeysFetcher.DownloadKeys:", "result":"Success", "context":Key count: 6, Last key timestamp: 2026-01-06T07:52:14Z}
{"logTime": "0422/060511", "correlationVector":"bN0K0fNv5DStNSHe4v33H5.1","action":"EncryptionKeysManager::SetEncryptionKeys:", "result":"Success", "context":Key names[6]:[+0IPNRwtNHsUaGSAch9gxJ7QZYidcjwbhS6273ubav8yR+ghgqbpEjqIGHy+jaNo7fH2ERbgOaOTt3SpZHR/WQ==][hmgSDHCxB78SjnN874uSHO9HvLgbuRl1eFQNAFgSaiB1rtjV0UJGzmyHxDK943XhEpWU7OS2yubkUfco/tA3ng==][E3pAI3qrgbnit+GvoRTqk4Q27zvN1q5c540wici7y2uX7HGjNU57Q1j/Hpn6/U8k8ZAxsAwkAcP84yLSDXylRg==][+b58XQxLuEVn45LaQ1f2PuHf2jdYzgeRkAXmskqL7LVNmCpT8BqQkJVqvBhxtibCR4qK+KopapXhrZpsGzk98Q==][/+rrKT77BNMOaMr2e8pC+a/gx8+Obb3lUTQC45OK0ENfOqDSAQvva8Xh7yQRG98gakRGl69SBUGonRVxk/xV9Q==][jylL3P2DQK3bwvTy8GoDN45KBAdatQGCgBDVR8YdH2wpC16ms+xCcu1TykptsWcPoZVDBAYSsDLmUx9UdCqIYg==]}
{"logTime": "0422/060511", "correlationVector":"bN0K0fNv5DStNSHe4v33H5.2","action":"EncryptionKeysManager::SetEncryptionKeysWithTimestamps:", "result":"Success", "context":Key timestamps[6]:[2023-08-11T18:25:37Z][2023-12-02T14:37:19Z][2024-03-17T06:09:58Z][2024-10-18T17:32:03Z][2025-06-30T05:50:19Z][2026-01-06T07:52:14Z]}
{"logTime": "0422/060511", "correlationVector":"gF2SIzpCQg4SWJbf25eXSR","action":"Initial GetUpdates", "result":"", "context":Reason: NEW_CLIENT. cV=gF2SIzpCQg4SWJbf25eXSR}
{"logTime": "0422/060511", "correlationVector":"gF2SIzpCQg4SWJbf25eXSR.3","action":"GetUpdates Response", "result":"Success", "context":Received 1 update(s). cV=gF2SIzpCQg4SWJbf25eXSR.0;server=akswtt00000000f;cloudType=Consumer;environment=Prod_southeastasia_prod-s01-065-apac-southeastasia;migrationStage=NotStarted}
{"logTime": "0422/060511", "correlationVector":"ZAwk8miXszNP7/dxU7OxsI","action":"Initial GetUpdates", "result":"", "context":Reason: NEWLY_SUPPORTED_DATATYPE. cV=ZAwk8miXszNP7/dxU7OxsI}
{"logTime": "0422/060512", "correlationVector":"ZAwk8miXszNP7/dxU7OxsI.1","action":"SyncServerConnectionManagerRequest", "result":"SYNC_SERVER_OK", "context":{"environment":"Prod_southeastasia_prod-s01-064-apac-southeastasia", "migrationStage":"NotStarted", "server":"akswtt000000007"}}
{"logTime": "0422/060512", "correlationVector":"ZAwk8miXszNP7/dxU7OxsI.2","action":"ProcessGetUpdates", "result":"Done", "context":{"dataType":"Preferences", "deleted":"0", "process_failed_to_decrypt":"0", "process_pending_decryption":"0", "process_success":"62", "total":"62"}}
{"logTime": "0422/060512", "correlationVector":"ZAwk8miXszNP7/dxU7OxsI.3","action":"ProcessGetUpdates", "result":"Done", "context":{"dataType":"Passwords", "deleted":"0", "process_failed_to_decrypt":"0", "process_pending_decryption":"0", "process_success":"86", "total":"86"}}
{"logTime": "0422/060512", "correlationVector":"ZAwk8miXszNP7/dxU7OxsI.4","action":"ProcessGetUpdates", "result":"Done", "context":{"dataType":"Device Info", "deleted":"0", "process_failed_to_decrypt":"0", "process_pending_decryption":"0", "process_success":"19", "total":"19"}}
{"logTime": "0422/060512", "correlationVector":"ZAwk8miXszNP7/dxU7OxsI.5","action":"GetUpdates Response", "result":"Success", "context":Received 167 update(s). cV=ZAwk8miXszNP7/dxU7OxsI.0;server=akswtt000000007;cloudType=Consumer;environment=Prod_southeastasia_prod-s01-064-apac-southeastasia;migrationStage=NotStarted}
{"logTime": "0422/060512", "correlationVector":"hq2bQ7V4fcRlYcPCWoRhnR","action":"Initial GetUpdates", "result":"", "context":Reason: NEWLY_SUPPORTED_DATATYPE. cV=hq2bQ7V4fcRlYcPCWoRhnR}
{"logTime": "0422/060512", "correlationVector":"hq2bQ7V4fcRlYcPCWoRhnR.1","action":"SyncServerConnectionManagerRequest", "result":"SYNC_SERVER_OK", "context":{"environment":"Prod_southeastasia_prod-s01-064-apac-southeastasia", "migrationStage":"NotStarted", "server":"akswtt00000000b"}}
{"logTime": "0422/060512", "correlationVector":"hq2bQ7V4fcRlYcPCWoRhnR.2","action":"ProcessGetUpdates", "result":"Done", "context":{"dataType":"Bookmarks", "deleted":"0", "process_failed_to_decrypt":"0", "process_pending_decryption":"0", "process_success":"23", "total":"23"}}
{"logTime": "0422/060512", "correlationVector":"hq2bQ7V4fcRlYcPCWoRhnR.3","action":"GetUpdates Response", "result":"Success", "context":Received 23 update(s). cV=hq2bQ7V4fcRlYcPCWoRhnR.0;server=akswtt00000000b;cloudType=Consumer;environment=Prod_southeastasia_prod-s01-064-apac-southeastasia;migrationStage=NotStarted}
{"logTime": "0422/060512", "correlationVector":"GwvTgXBgHHSuEV2kxdO0a9","action":"Initial GetUpdates", "result":"", "context":Reason: NEWLY_SUPPORTED_DATATYPE. cV=GwvTgXBgHHSuEV2kxdO0a9}
{"logTime": "0422/060512", "correlationVector":"GwvTgXBgHHSuEV2kxdO0a9.1","action":"SyncServerConnectionManagerRequest", "result":"SYNC_SERVER_OK", "context":{"environment":"Prod_southeastasia_prod-s01-064-apac-southeastasia", "migrationStage":"NotStarted", "server":"akswtt00000000g"}}
{"logTime": "0422/060512", "correlationVector":"GwvTgXBgHHSuEV2kxdO0a9.2","action":"ProcessGetUpdates", "result":"Done", "context":{"dataType":"Autofill Profiles", "deleted":"0", "process_failed_to_decrypt":"0", "process_pending_decryption":"0", "process_success":"2", "total":"2"}}
{"logTime": "0422/060512", "correlationVector":"GwvTgXBgHHSuEV2kxdO0a9.3","action":"ProcessGetUpdates", "result":"Done", "context":{"dataType":"Autofill", "deleted":"0", "process_failed_to_decrypt":"0", "process_pending_decryption":"0", "process_success":"206", "total":"206"}}
{"logTime": "0422/060512", "correlationVector":"GwvTgXBgHHSuEV2kxdO0a9.4","action":"ProcessGetUpdates", "result":"Done", "context":{"dataType":"Extensions", "deleted":"0", "process_failed_to_decrypt":"0", "process_pending_decryption":"0", "process_success":"2", "total":"2"}}
{"logTime": "0422/060512", "correlationVector":"GwvTgXBgHHSuEV2kxdO0a9.5","action":"ProcessGetUpdates", "result":"Done", "context":{"dataType":"Sessions", "deleted":"22", "process_failed_to_decrypt":"0", "process_pending_decryption":"0", "process_success":"32", "total":"32"}}
{"logTime": "0422/060512", "correlationVector":"GwvTgXBgHHSuEV2kxdO0a9.6","action":"ProcessGetUpdates", "result":"Done", "context":{"dataType":"Edge Hub App Usage", "deleted":"0", "process_failed_to_decrypt":"0", "process_pending_decryption":"0", "process_success":"1", "total":"1"}}
{"logTime": "0422/060512", "correlationVector":"GwvTgXBgHHSuEV2kxdO0a9.7","action":"GetUpdates Response", "result":"Success", "context":Received 243 update(s). cV=GwvTgXBgHHSuEV2kxdO0a9.0;server=akswtt00000000g;cloudType=Consumer;environment=Prod_southeastasia_prod-s01-064-apac-southeastasia;migrationStage=NotStarted}
{"logTime": "0422/060512", "correlationVector":"8oH3rlbN226EYqwvz1D87u","action":"Initial GetUpdates", "result":"", "context":Reason: NEWLY_SUPPORTED_DATATYPE. cV=8oH3rlbN226EYqwvz1D87u}
{"logTime": "0422/060513", "correlationVector":"8oH3rlbN226EYqwvz1D87u.1","action":"SyncServerConnectionManagerRequest", "result":"SYNC_SERVER_OK", "context":{"environment":"Prod_australiaeast_prod-s01-011-apac-australiaeast", "migrationStage":"NotStarted", "server":"akswtt02800000j"}}
{"logTime": "0422/060513", "correlationVector":"8oH3rlbN226EYqwvz1D87u.2","action":"ProcessGetUpdates", "result":"Done", "context":{"dataType":"History", "deleted":"0", "process_failed_to_decrypt":"0", "process_pending_decryption":"0", "process_success":"17", "total":"17"}}
{"logTime": "0422/060513", "correlationVector":"8oH3rlbN226EYqwvz1D87u.3","action":"GetUpdates Response", "result":"Success", "context":Received 17 update(s). cV=8oH3rlbN226EYqwvz1D87u.0;server=akswtt02800000j;cloudType=Consumer;environment=Prod_australiaeast_prod-s01-011-apac-australiaeast;migrationStage=NotStarted}
{"logTime": "0422/060513", "correlationVector":"HPB9M+Qtmtj/cJu1wP6Sxw","action":"Normal GetUpdate request", "result":"", "context":cV=HPB9M+Qtmtj/cJu1wP6Sxw
Nudged types: Sessions, Device Info
Refresh requested types: Bookmarks, Preferences, Passwords, Autofill Profiles, Autofill, Extensions, Sessions, Extension settings, History Delete Directives, Device Info, User Consents, Send Tab To Self, Web Apps, History, Saved Tab Group, WebAuthn Credentials, Collection, Edge E Drop, Edge Hub App Usage, Edge Wallet, Edge Workspace, Encryption Keys}
{"logTime": "0422/060513", "correlationVector":"HPB9M+Qtmtj/cJu1wP6Sxw.1","action":"SyncServerConnectionManagerRequest", "result":"SYNC_SERVER_OK", "context":{"environment":"Prod_southeastasia_prod-s01-064-apac-southeastasia", "migrationStage":"NotStarted", "server":"akswtt00000000r"}}
{"logTime": "0422/060513", "correlationVector":"HPB9M+Qtmtj/cJu1wP6Sxw.2","action":"GetUpdates Response", "result":"Success", "context":Received 0 update(s). cV=HPB9M+Qtmtj/cJu1wP6Sxw.0;server=akswtt00000000r;cloudType=Consumer;environment=Prod_southeastasia_prod-s01-064-apac-southeastasia;migrationStage=NotStarted}
{"logTime": "0422/060514", "correlationVector":"lEaA8GkGRPMnQ5LdN+wpAa","action":"DoCompareDataConsistency requsted types: ", "result":"Bookmarks, Preferences, Passwords, Extensions, Extension settings, History Delete Directives, Send Tab To Self, Web Apps, History, Saved Tab Group, WebAuthn Credentials, Collection, Edge E Drop, Edge Wallet, Edge Workspace, Encryption Keys"}
{"logTime": "0422/060514", "correlationVector":"lEaA8GkGRPMnQ5LdN+wpAa.0","action":"CompareDataConsistency result: ", "result":"Compare result: Encryption Keys is consistent. local entities count is: 1 local entities hash is: pacgmypeZmsVETF6GrNvbi5pMGY="}
{"logTime": "0422/060514", "correlationVector":"lEaA8GkGRPMnQ5LdN+wpAa.1","action":"CompareDataConsistency result: ", "result":"Compare result: Bookmarks is consistent. local entities count is: 17 local entities hash is: dmztvRJy7Y0foVPZAgk7YW/kMYw="}
{"logTime": "0422/060514", "correlationVector":"lEaA8GkGRPMnQ5LdN+wpAa.2","action":"CompareDataConsistency result: ", "result":"Compare result: Preferences is consistent. local entities count is: 62 local entities hash is: 3Xsew4Y8YO7seLmi4+ThC+5Fqsg="}
{"logTime": "0422/060514", "correlationVector":"lEaA8GkGRPMnQ5LdN+wpAa.3","action":"CompareDataConsistency result: ", "result":"Compare result: Extensions is consistent. local entities count is: 2 local entities hash is: F9vY0kPxPMstjcB42k7aUj+Rjzs="}
{"logTime": "0422/060514", "correlationVector":"lEaA8GkGRPMnQ5LdN+wpAa.4","action":"CompareDataConsistency result: ", "result":"Compare result: Extension settings is consistent. local entities count is: 0 local entities hash is: "}
{"logTime": "0422/060514", "correlationVector":"lEaA8GkGRPMnQ5LdN+wpAa.5","action":"CompareDataConsistency result: ", "result":"Compare result: History Delete Directives is consistent. local entities count is: 0 local entities hash is: "}
{"logTime": "0422/060514", "correlationVector":"lEaA8GkGRPMnQ5LdN+wpAa.6","action":"CompareDataConsistency result: ", "result":"Server did not send this Send Tab To Self local entities count is: 0 local entities hash is: "}
{"logTime": "0422/060514", "correlationVector":"lEaA8GkGRPMnQ5LdN+wpAa.7","action":"CompareDataConsistency result: ", "result":"Compare result: Web Apps is consistent. local entities count is: 0 local entities hash is: "}
{"logTime": "0422/060514", "correlationVector":"lEaA8GkGRPMnQ5LdN+wpAa.8","action":"CompareDataConsistency result: ", "result":"Server did not send this History local entities count is: 0 local entities hash is: "}
{"logTime": "0422/060514", "correlationVector":"lEaA8GkGRPMnQ5LdN+wpAa.9","action":"CompareDataConsistency result: ", "result":"Compare result: Saved Tab Group is consistent. local entities count is: 0 local entities hash is: "}
{"logTime": "0422/060514", "correlationVector":"lEaA8GkGRPMnQ5LdN+wpAa.10","action":"CompareDataConsistency result: ", "result":"Server did not send this WebAuthn Credentials local entities count is: 0 local entities hash is: "}
{"logTime": "0422/060514", "correlationVector":"lEaA8GkGRPMnQ5LdN+wpAa.11","action":"CompareDataConsistency result: ", "result":"Compare result: Collection is consistent. local entities count is: 0 local entities hash is: "}
{"logTime": "0422/060514", "correlationVector":"lEaA8GkGRPMnQ5LdN+wpAa.12","action":"CompareDataConsistency result: ", "result":"Compare result: Edge E Drop is consistent. local entities count is: 0 local entities hash is: "}
{"logTime": "0422/060514", "correlationVector":"lEaA8GkGRPMnQ5LdN+wpAa.13","action":"CompareDataConsistency result: ", "result":"Compare result: Edge Wallet is consistent. local entities count is: 0 local entities hash is: "}
{"logTime": "0422/060514", "correlationVector":"lEaA8GkGRPMnQ5LdN+wpAa.14","action":"CompareDataConsistency result: ", "result":"Server did not send this Edge Workspace local entities count is: 0 local entities hash is: "}
{"logTime": "0422/060514", "correlationVector":"lEaA8GkGRPMnQ5LdN+wpAa.15","action":"CompareDataConsistency result: ", "result":"Compare result: Passwords is consistent. local entities count is: 86 local entities hash is: WNzgrz0eN3u0gix4amrYCh7bYqo="}
{"logTime": "0422/060514", "correlationVector":"BXoxyNQTLfN8OhA5kE6oNc","action":"Commit Request", "result":"", "context":Item count: 3
Contributing types: Sessions, Device Info}
{"logTime": "0422/060514", "correlationVector":"BXoxyNQTLfN8OhA5kE6oNc.1","action":"SyncServerConnectionManagerRequest", "result":"SYNC_SERVER_OK", "context":{"environment":"Prod_southeastasia_prod-s01-064-apac-southeastasia", "migrationStage":"NotStarted", "server":"akswtt00000000j"}}
{"logTime": "0422/060514", "correlationVector":"BXoxyNQTLfN8OhA5kE6oNc.2","action":"Commit Response", "result":"Success", "context":Result: Success. cV=BXoxyNQTLfN8OhA5kE6oNc.0;server=akswtt00000000j;cloudType=Consumer;environment=Prod_southeastasia_prod-s01-064-apac-southeastasia;migrationStage=NotStarted}
{"logTime": "0422/060514", "correlationVector":"","action":"DIAGNOSTIC_REQUEST|v1/diagnosticData/Diagnostic.SendCheckResult()|SUCCESS", "result":""}
{"logTime": "0422/060617", "correlationVector":"uyiiqXhharjVekHzAR/B1d","action":"Commit Request", "result":"", "context":Item count: 2
Contributing types: Sessions, History}
{"logTime": "0422/060617", "correlationVector":"uyiiqXhharjVekHzAR/B1d.1","action":"SyncServerConnectionManagerRequest", "result":"SYNC_SERVER_OK", "context":{"environment":"Prod_southeastasia_prod-s01-064-apac-southeastasia", "migrationStage":"NotStarted", "server":"akswtt00000000a"}}
{"logTime": "0422/060617", "correlationVector":"uyiiqXhharjVekHzAR/B1d.2","action":"Commit Response", "result":"Success", "context":Result: Success. cV=uyiiqXhharjVekHzAR/B1d.0;server=akswtt00000000a;cloudType=Consumer;environment=Prod_southeastasia_prod-s01-064-apac-southeastasia;migrationStage=NotStarted}
{"logTime": "0422/061855", "correlationVector":"aONI1I/DK5M6x9i7iCfN/U","action":"Commit Request", "result":"", "context":Item count: 1
Contributing types: Sessions}
{"logTime": "0422/061855", "correlationVector":"aONI1I/DK5M6x9i7iCfN/U.1","action":"SyncServerConnectionManagerRequest", "result":"SYNC_SERVER_OK", "context":{"environment":"Prod_southeastasia_prod-s01-064-apac-southeastasia", "migrationStage":"NotStarted", "server":"akswtt00000000s"}}
{"logTime": "0422/061855", "correlationVector":"aONI1I/DK5M6x9i7iCfN/U.2","action":"Commit Response", "result":"Success", "context":Result: Success. cV=aONI1I/DK5M6x9i7iCfN/U.0;server=akswtt00000000s;cloudType=Consumer;environment=Prod_southeastasia_prod-s01-064-apac-southeastasia;migrationStage=NotStarted}
{"logTime": "0422/062109", "correlationVector":"QV8kscn+koVhIMGUk+8cld","action":"Commit Request", "result":"", "context":Item count: 3
Contributing types: Sessions, History}
{"logTime": "0422/062110", "correlationVector":"QV8kscn+koVhIMGUk+8cld.1","action":"SyncServerConnectionManagerRequest", "result":"SYNC_SERVER_OK", "context":{"environment":"Prod_southeastasia_prod-s01-064-apac-southeastasia", "migrationStage":"NotStarted", "server":"akswtt00000000h"}}
{"logTime": "0422/062110", "correlationVector":"QV8kscn+koVhIMGUk+8cld.2","action":"Commit Response", "result":"Success", "context":Result: Success. cV=QV8kscn+koVhIMGUk+8cld.0;server=akswtt00000000h;cloudType=Consumer;environment=Prod_southeastasia_prod-s01-064-apac-southeastasia;migrationStage=NotStarted}
{"logTime": "0422/062305", "correlationVector":"3Z+ynfb4+yqxH78wSGhA+o","action":"Commit Request", "result":"", "context":Item count: 6
Contributing types: Sessions, History}
{"logTime": "0422/062306", "correlationVector":"3Z+ynfb4+yqxH78wSGhA+o.1","action":"SyncServerConnectionManagerRequest", "result":"SYNC_SERVER_OK", "context":{"environment":"Prod_southeastasia_prod-s01-065-apac-southeastasia", "migrationStage":"NotStarted", "server":"akswtt000000004"}}
{"logTime": "0422/062306", "correlationVector":"3Z+ynfb4+yqxH78wSGhA+o.2","action":"Commit Response", "result":"Success", "context":Result: Success. cV=3Z+ynfb4+yqxH78wSGhA+o.0;server=akswtt000000004;cloudType=Consumer;environment=Prod_southeastasia_prod-s01-065-apac-southeastasia;migrationStage=NotStarted}
{"logTime": "0422/062406", "correlationVector":"xnrUqA9YoBZXFuiYC11ltb","action":"Commit Request", "result":"", "context":Item count: 5
Contributing types: Sessions, History}
{"logTime": "0422/062407", "correlationVector":"xnrUqA9YoBZXFuiYC11ltb.1","action":"SyncServerConnectionManagerRequest", "result":"SYNC_SERVER_OK", "context":{"environment":"Prod_southeastasia_prod-s01-065-apac-southeastasia", "migrationStage":"NotStarted", "server":"akswtt000000007"}}
{"logTime": "0422/062407", "correlationVector":"xnrUqA9YoBZXFuiYC11ltb.3","action":"Commit.Sessions", "result":"Success", "context":{"id":"69ec49a7-c9c1-4525-95ee-17f9901686f5", "isDeleted":"true", "size":"0", "version":"1775629333172"}}
{"logTime": "0422/062407", "correlationVector":"xnrUqA9YoBZXFuiYC11ltb.2","action":"Commit Response", "result":"Success", "context":Result: Success. cV=xnrUqA9YoBZXFuiYC11ltb.0;server=akswtt000000007;cloudType=Consumer;environment=Prod_southeastasia_prod-s01-065-apac-southeastasia;migrationStage=NotStarted}
{"logTime": "0422/062407", "correlationVector":"xnrUqA9YoBZXFuiYC11ltb.4","action":"Commit.Sessions", "result":"Success", "context":{"id":"90881b8c-1fd8-4a9b-b49f-a64b0a071943", "isDeleted":"true", "size":"0", "version":"1775629260781"}}
{"logTime": "0422/062528", "correlationVector":"Dwst8jFn0blAlKMC+9tubi","action":"Commit Request", "result":"", "context":Item count: 11
Contributing types: Sessions, History}
{"logTime": "0422/062529", "correlationVector":"Dwst8jFn0blAlKMC+9tubi.1","action":"SyncServerConnectionManagerRequest", "result":"SYNC_SERVER_OK", "context":{"environment":"Prod_southeastasia_prod-s01-065-apac-southeastasia", "migrationStage":"NotStarted", "server":"akswtt00000000i"}}
{"logTime": "0422/062529", "correlationVector":"Dwst8jFn0blAlKMC+9tubi.2","action":"Commit Response", "result":"Success", "context":Result: Success. cV=Dwst8jFn0blAlKMC+9tubi.0;server=akswtt00000000i;cloudType=Consumer;environment=Prod_southeastasia_prod-s01-065-apac-southeastasia;migrationStage=NotStarted}
{"logTime": "0422/062833", "correlationVector":"zz+k1dM4H7coWZndfOiteg","action":"Commit Request", "result":"", "context":Item count: 4
Contributing types: Sessions, History}
{"logTime": "0422/062834", "correlationVector":"zz+k1dM4H7coWZndfOiteg.1","action":"SyncServerConnectionManagerRequest", "result":"SYNC_SERVER_OK", "context":{"environment":"Prod_southeastasia_prod-s01-064-apac-southeastasia", "migrationStage":"NotStarted", "server":"akswtt000000004"}}
{"logTime": "0422/062834", "correlationVector":"zz+k1dM4H7coWZndfOiteg.2","action":"Commit Response", "result":"Success", "context":Result: Success. cV=zz+k1dM4H7coWZndfOiteg.0;server=akswtt000000004;cloudType=Consumer;environment=Prod_southeastasia_prod-s01-064-apac-southeastasia;migrationStage=NotStarted}
{"logTime": "0422/062942", "correlationVector":"ng7WYnz77e2T5l+UXNsWoj","action":"Commit Request", "result":"", "context":Item count: 10
Contributing types: Sessions, History}
{"logTime": "0422/062943", "correlationVector":"ng7WYnz77e2T5l+UXNsWoj.1","action":"SyncServerConnectionManagerRequest", "result":"SYNC_SERVER_OK", "context":{"environment":"Prod_southeastasia_prod-s01-064-apac-southeastasia", "migrationStage":"NotStarted", "server":"akswtt00000000d"}}
{"logTime": "0422/062943", "correlationVector":"ng7WYnz77e2T5l+UXNsWoj.2","action":"Commit Response", "result":"Success", "context":Result: Success. cV=ng7WYnz77e2T5l+UXNsWoj.0;server=akswtt00000000d;cloudType=Consumer;environment=Prod_southeastasia_prod-s01-064-apac-southeastasia;migrationStage=NotStarted}
{"logTime": "0422/063043", "correlationVector":"+W0vhvaVMJbjW4xkVJMZEc","action":"Commit Request", "result":"", "context":Item count: 5
Contributing types: Sessions, History}
{"logTime": "0422/063043", "correlationVector":"+W0vhvaVMJbjW4xkVJMZEc.1","action":"SyncServerConnectionManagerRequest", "result":"SYNC_SERVER_OK", "context":{"environment":"Prod_southeastasia_prod-s01-065-apac-southeastasia", "migrationStage":"NotStarted", "server":"akswtt00000000f"}}
{"logTime": "0422/063043", "correlationVector":"+W0vhvaVMJbjW4xkVJMZEc.3","action":"Commit.Sessions", "result":"Success", "context":{"id":"39ad574c-cda3-4244-8a30-1fdb6ad5f2a9", "isDeleted":"true", "size":"0", "version":"1775629718456"}}
{"logTime": "0422/063043", "correlationVector":"+W0vhvaVMJbjW4xkVJMZEc.4","action":"Commit.Sessions", "result":"Success", "context":{"id":"5aa6dee5-2a31-4059-b09d-29a5e9ea2aa9", "isDeleted":"true", "size":"0", "version":"1775629642738"}}
{"logTime": "0422/063043", "correlationVector":"+W0vhvaVMJbjW4xkVJMZEc.2","action":"Commit Response", "result":"Success", "context":Result: Success. cV=+W0vhvaVMJbjW4xkVJMZEc.0;server=akswtt00000000f;cloudType=Consumer;environment=Prod_southeastasia_prod-s01-065-apac-southeastasia;migrationStage=NotStarted}
{"logTime": "0422/063338", "correlationVector":"ZnBB6c3tkMOo/dHjq1ZpVX","action":"Commit Request", "result":"", "context":Item count: 4
Contributing types: Sessions, History}
{"logTime": "0422/063340", "correlationVector":"ZnBB6c3tkMOo/dHjq1ZpVX.1","action":"SyncServerConnectionManagerRequest", "result":"SYNC_SERVER_OK", "context":{"environment":"Prod_southeastasia_prod-s01-064-apac-southeastasia", "migrationStage":"NotStarted", "server":"akswtt00000000j"}}
{"logTime": "0422/063340", "correlationVector":"ZnBB6c3tkMOo/dHjq1ZpVX.2","action":"Commit Response", "result":"Success", "context":Result: Success. cV=ZnBB6c3tkMOo/dHjq1ZpVX.0;server=akswtt00000000j;cloudType=Consumer;environment=Prod_southeastasia_prod-s01-064-apac-southeastasia;migrationStage=NotStarted}
{"logTime": "0422/063901", "correlationVector":"XfToAqkkc/eBtIpSbNwxDv","action":"Commit Request", "result":"", "context":Item count: 3
Contributing types: Sessions, History}
{"logTime": "0422/063902", "correlationVector":"XfToAqkkc/eBtIpSbNwxDv.1","action":"SyncServerConnectionManagerRequest", "result":"SYNC_SERVER_OK", "context":{"environment":"Prod_southeastasia_prod-s01-064-apac-southeastasia", "migrationStage":"NotStarted", "server":"akswtt00000000c"}}
{"logTime": "0422/063902", "correlationVector":"XfToAqkkc/eBtIpSbNwxDv.2","action":"Commit Response", "result":"Success", "context":Result: Success. cV=XfToAqkkc/eBtIpSbNwxDv.0;server=akswtt00000000c;cloudType=Consumer;environment=Prod_southeastasia_prod-s01-064-apac-southeastasia;migrationStage=NotStarted}
